[14:08:49] [modloading-worker-0/INFO] ========================================
[14:08:49] [modloading-worker-0/INFO] Minecraft: 1.20.1
[14:08:49] [modloading-worker-0/INFO] Side: server
[14:08:49] [modloading-worker-0/INFO] Development: false
[14:08:49] [modloading-worker-0/INFO] Version: null
[14:08:49] [modloading-worker-0/INFO] Loader:
[14:08:49] [modloading-worker-0/INFO] - Forge: 47.4.0
[14:08:49] [modloading-worker-0/INFO] Dependencies:
[14:08:49] [modloading-worker-0/INFO] - Cloth Config: 11.1.136
[14:08:49] [modloading-worker-0/INFO] - Architectury: 9.2.14
[14:08:49] [modloading-worker-0/INFO] Mixin: 0.8.5
[14:08:49] [modloading-worker-0/INFO] OS: Linux 6.8.0-1027-azure (amd64)
[14:08:49] [modloading-worker-0/INFO] Java: 17.0.15 (Ubuntu)
[14:08:49] [modloading-worker-0/INFO] ========================================
[14:08:49] [modloading-worker-0/INFO] Mods:
[14:08:49] [modloading-worker-0/INFO] - abnormals_delight: 5.0.0
[14:08:49] [modloading-worker-0/INFO] - ad_astra: 1.15.19
[14:08:49] [modloading-worker-0/INFO] - advancedperipherals: 0.7.41r
[14:08:49] [modloading-worker-0/INFO] - advancementframes: 1.20-2.2.7
[14:08:49] [modloading-worker-0/INFO] - advancementplaques: 1.6.9
[14:08:49] [modloading-worker-0/INFO] - ae2: 15.3.4
[14:08:49] [modloading-worker-0/INFO] - ae2wtlib: 15.2.3-forge
[14:08:49] [modloading-worker-0/INFO] - aether: 1.20.1-1.5.2-neoforge
[14:08:49] [modloading-worker-0/INFO] - alexscaves: 2.0.2
[14:08:49] [modloading-worker-0/INFO] - alexsmobs: 1.22.9
[14:08:49] [modloading-worker-0/INFO] - alltheleaks: 0.1.3-beta+1.20.1-forge
[14:08:49] [modloading-worker-0/INFO] - allurement: 4.0.0
[14:08:49] [modloading-worker-0/INFO] - almanac: 1.0.2
[14:08:49] [modloading-worker-0/INFO] - amendments: 1.20-1.2.19
[14:08:49] [modloading-worker-0/INFO] - appbot: 1.5.0
[14:08:49] [modloading-worker-0/INFO] - appleskin: 2.5.1+mc1.20.1
[14:08:49] [modloading-worker-0/INFO] - appmek: 1.4.2
[14:08:49] [modloading-worker-0/INFO] - aquaculture: 2.5.5
[14:08:49] [modloading-worker-0/INFO] - aquamirae: 6.API15
[14:08:49] [modloading-worker-0/INFO] - architectury: 9.2.14
[14:08:49] [modloading-worker-0/INFO] - ars_creo: 4.1.0
[14:08:49] [modloading-worker-0/INFO] - ars_elemental: 0.6.7.8
[14:08:49] [modloading-worker-0/INFO] - ars_nouveau: 4.12.6
[14:08:49] [modloading-worker-0/INFO] - arseng: 1.2.0
[14:08:49] [modloading-worker-0/INFO] - artifacts: 9.5.16
[14:08:49] [modloading-worker-0/INFO] - ash_api: 3.0.2+1.20.1
[14:08:49] [modloading-worker-0/INFO] - atmospheric: 6.1.1
[14:08:49] [modloading-worker-0/INFO] - autumnity: 5.0.2
[14:08:49] [modloading-worker-0/INFO] - bagus_lib: 1.20.1-5.3.0
[14:08:49] [modloading-worker-0/INFO] - bakery: 2.0.5
[14:08:49] [modloading-worker-0/INFO] - balm: 7.3.27
[14:08:49] [modloading-worker-0/INFO] - bcc: 4.0.8
[14:08:49] [modloading-worker-0/INFO] - beachparty: 2.0.2
[14:08:49] [modloading-worker-0/INFO] - berry_good: 7.0.0
[14:08:49] [modloading-worker-0/INFO] - betterdays: 1.20.1-3.1.1.1-FORGE
[14:08:49] [modloading-worker-0/INFO] - betterdeserttemples: 1.20-Forge-3.0.3
[14:08:49] [modloading-worker-0/INFO] - betterdungeons: 1.20-Forge-4.0.4
[14:08:49] [modloading-worker-0/INFO] - betterendisland: 1.20-Forge-2.0.6
[14:08:49] [modloading-worker-0/INFO] - betterfortresses: 1.20-Forge-2.0.6
[14:08:49] [modloading-worker-0/INFO] - betterjukebox: 1.20-1.3
[14:08:49] [modloading-worker-0/INFO] - betterjungletemples: 1.20-Forge-2.0.5
[14:08:49] [modloading-worker-0/INFO] - betterlily: 1.20-1.3.1
[14:08:49] [modloading-worker-0/INFO] - betteroceanmonuments: 1.20-Forge-3.0.4
[14:08:49] [modloading-worker-0/INFO] - betterstrongholds: 1.20-Forge-4.0.3
[14:08:49] [modloading-worker-0/INFO] - biomesoplenty: 19.0.0.96
[14:08:49] [modloading-worker-0/INFO] - blockui: 1.20.1-1.0.190-snapshot
[14:08:49] [modloading-worker-0/INFO] - blueprint: 7.1.3
[14:08:49] [modloading-worker-0/INFO] - boatload: 5.0.1
[14:08:49] [modloading-worker-0/INFO] - bookshelf: 20.2.13
[14:08:49] [modloading-worker-0/INFO] - botania: 1.20.1-448-FORGE
[14:08:49] [modloading-worker-0/INFO] - botarium: 2.3.4
[14:08:49] [modloading-worker-0/INFO] - brewery: 2.0.5
[14:08:49] [modloading-worker-0/INFO] - buzzier_bees: 6.0.1
[14:08:49] [modloading-worker-0/INFO] - caelus: 3.2.0+1.20.1
[14:08:49] [modloading-worker-0/INFO] - candlelight: 2.0.4
[14:08:49] [modloading-worker-0/INFO] - carpeted: 1.20-1.4
[14:08:49] [modloading-worker-0/INFO] - carryon: 2.1.2.7
[14:08:49] [modloading-worker-0/INFO] - chalk: 1.6.5
[14:08:49] [modloading-worker-0/INFO] - charmofundying: 6.5.0+1.20.1
[14:08:49] [modloading-worker-0/INFO] - chunksending: 1.20.1-2.8
[14:08:49] [modloading-worker-0/INFO] - chunky: 1.3.146
[14:08:49] [modloading-worker-0/INFO] - citadel: 2.6.1
[14:08:49] [modloading-worker-0/INFO] - clayworks: 3.0.4
[14:08:49] [modloading-worker-0/INFO] - clean_tooltips: 1.0
[14:08:49] [modloading-worker-0/INFO] - clickadv: 1.20.1-3.8
[14:08:49] [modloading-worker-0/INFO] - cloth_config: 11.1.136
[14:08:49] [modloading-worker-0/INFO] - clumps: 12.0.0.4
[14:08:49] [modloading-worker-0/INFO] - codechickenlib: 4.4.0.516
[14:08:49] [modloading-worker-0/INFO] - comforts: 6.4.0+1.20.1
[14:08:49] [modloading-worker-0/INFO] - commoncapabilities: 2.9.4
[14:08:49] [modloading-worker-0/INFO] - commongroovylibrary: 0.3.3
[14:08:49] [modloading-worker-0/INFO] - computercraft: 1.113.1
[14:08:49] [modloading-worker-0/INFO] - conjurer_illager: 1.1.6
[14:08:49] [modloading-worker-0/INFO] - connectivity: 1.20.1-7.1
[14:08:49] [modloading-worker-0/INFO] - constructionwand: 1.20.1-2.11
[14:08:49] [modloading-worker-0/INFO] - coroutil: 1.20.1-1.3.7
[14:08:49] [modloading-worker-0/INFO] - cosmeticarmorreworked: 1.20.1-v1a
[14:08:49] [modloading-worker-0/INFO] - craterlib: 2.1.4
[14:08:49] [modloading-worker-0/INFO] - create: 0.5.1.j
[14:08:49] [modloading-worker-0/INFO] - createaddition: 1.20.1-1.2.5
[14:08:49] [modloading-worker-0/INFO] - createdieselgenerators: 1.20.1-1.2i
[14:08:49] [modloading-worker-0/INFO] - creativecore: 2.12.32
[14:08:49] [modloading-worker-0/INFO] - creeperoverhaul: 3.0.2
[14:08:49] [modloading-worker-0/INFO] - cumulus_menus: 1.20.1-1.0.1-neoforge
[14:08:49] [modloading-worker-0/INFO] - cupboard: 1.20.1-2.7
[14:08:49] [modloading-worker-0/INFO] - curios: 5.14.1+1.20.1
[14:08:49] [modloading-worker-0/INFO] - cyclopscore: 1.19.10
[14:08:49] [modloading-worker-0/INFO] - darkutils: 17.0.5
[14:08:49] [modloading-worker-0/INFO] - deeperdarker: 1.3.3
[14:08:49] [modloading-worker-0/INFO] - domum_ornamentum: 1.20.1-1.0.285-snapshot
[14:08:49] [modloading-worker-0/INFO] - drawerstooltip: 8.0.0
[14:08:49] [modloading-worker-0/INFO] - dusk: 1.20.1-3.7
[14:08:49] [modloading-worker-0/INFO] - dynamic_fps: 3.9.3
[14:08:49] [modloading-worker-0/INFO] - dynview: 2.3
[14:08:49] [modloading-worker-0/INFO] - eccentrictome: 1.20.1-1.10.3
[14:08:49] [modloading-worker-0/INFO] - ecologics: 2.2.0
[14:08:49] [modloading-worker-0/INFO] - elevatorid: 1.20.1-lex-1.9
[14:08:49] [modloading-worker-0/INFO] - elytraslot: 6.4.4+1.20.1
[14:08:49] [modloading-worker-0/INFO] - embers: 1.20.1-1.4.0
[14:08:49] [modloading-worker-0/INFO] - endergetic: 5.0.1
[14:08:49] [modloading-worker-0/INFO] - endermanoverhaul: 1.0.4
[14:08:49] [modloading-worker-0/INFO] - enderstorage: 2.11.0.188
[14:08:49] [modloading-worker-0/INFO] - enlightened_end: 5.0.14
[14:08:49] [modloading-worker-0/INFO] - everycomp: 1.20-2.7.19
[14:08:49] [modloading-worker-0/INFO] - expandability: 9.0.4
[14:08:49] [modloading-worker-0/INFO] - fabric_api_base: 0.4.31+ef105b4977
[14:08:49] [modloading-worker-0/INFO] - fabric_renderer_api_v1: 3.2.1+1d29b44577
[14:08:49] [modloading-worker-0/INFO] - fabric_renderer_indigo: 1.5.2+b5b2da4177
[14:08:49] [modloading-worker-0/INFO] - fairylights: 7.0.0
[14:08:49] [modloading-worker-0/INFO] - fallingtree: 4.3.4
[14:08:49] [modloading-worker-0/INFO] - farm_and_charm: 1.0.9
[14:08:49] [modloading-worker-0/INFO] - farmersdelight: 1.20.1-1.2.7
[14:08:49] [modloading-worker-0/INFO] - fastsuite: 5.1.0
[14:08:49] [modloading-worker-0/INFO] - ferritecore: 6.0.1
[14:08:49] [modloading-worker-0/INFO] - flowerpatch: 3.1.0
[14:08:49] [modloading-worker-0/INFO] - fluxnetworks: 7.2.1.15
[14:08:49] [modloading-worker-0/INFO] - flywheel: 0.6.11-13
[14:08:49] [modloading-worker-0/INFO] - forbidden_arcanus: 1.20.1-2.2.6
[14:08:49] [modloading-worker-0/INFO] - forge: 47.4.0
[14:08:49] [modloading-worker-0/INFO] - framedblocks: 9.3.1
[14:08:49] [modloading-worker-0/INFO] - framework: 0.7.11
[14:08:49] [modloading-worker-0/INFO] - ftblibrary: 2001.2.9
[14:08:49] [modloading-worker-0/INFO] - ftbultimine: 2001.1.5
[14:08:49] [modloading-worker-0/INFO] - fusion: 1.2.7
[14:08:49] [modloading-worker-0/INFO] - galosphere: 1.20.1-1.4.1
[14:08:49] [modloading-worker-0/INFO] - gardens_of_the_dead: 4.0.1
[14:08:49] [modloading-worker-0/INFO] - geckolib: 4.7.1.2
[14:08:49] [modloading-worker-0/INFO] - glitchcore: 0.0.1.1
[14:08:49] [modloading-worker-0/INFO] - globalpacks: 1.16.2_forge
[14:08:49] [modloading-worker-0/INFO] - gml: 4.0.10
[14:08:49] [modloading-worker-0/INFO] - goblintraders: 1.9.3
[14:08:49] [modloading-worker-0/INFO] - guardvillagers: 1.20.1-1.6.10
[14:08:49] [modloading-worker-0/INFO] - hauntedharvest: 1.20-3.2.0
[14:08:49] [modloading-worker-0/INFO] - hearth_and_home: 1.20.1-2.0.3
[14:08:49] [modloading-worker-0/INFO] - herbalbrews: 1.0.12
[14:08:49] [modloading-worker-0/INFO] - hunters_return: 1.20.1-11.7.0
[14:08:49] [modloading-worker-0/INFO] - iceberg: 1.1.25
[14:08:49] [modloading-worker-0/INFO] - immersiveengineering: 1.20.1-10.2.0-183
[14:08:49] [modloading-worker-0/INFO] - incubation: 4.0.4
[14:08:49] [modloading-worker-0/INFO] - industrialforegoing: 3.5.19
[14:08:49] [modloading-worker-0/INFO] - integratedcrafting: 1.1.11
[14:08:49] [modloading-worker-0/INFO] - integrateddynamics: 1.25.6
[14:08:49] [modloading-worker-0/INFO] - integrateddynamicscompat: 1.25.6
[14:08:49] [modloading-worker-0/INFO] - integratedterminals: 1.6.6
[14:08:49] [modloading-worker-0/INFO] - integratedterminalscompat: 1.6.6
[14:08:49] [modloading-worker-0/INFO] - integratedtunnels: 1.8.36
[14:08:49] [modloading-worker-0/INFO] - integratedtunnelscompat: 1.8.36
[14:08:49] [modloading-worker-0/INFO] - inventoryhud: 3.4.26
[14:08:49] [modloading-worker-0/INFO] - inventorysorter: 23.0.8
[14:08:49] [modloading-worker-0/INFO] - irons_spellbooks: 1.20.1-3.4.0.9
[14:08:49] [modloading-worker-0/INFO] - jade: 11.13.1+forge
[14:08:49] [modloading-worker-0/INFO] - jadeaddons: 5.3.1+forge
[14:08:49] [modloading-worker-0/INFO] - jamlib: 1.3.5+1.20.1
[14:08:49] [modloading-worker-0/INFO] - jei: 15.20.0.106
[14:08:49] [modloading-worker-0/INFO] - kiwi: 11.8.30+forge
[14:08:49] [modloading-worker-0/INFO] - kleeslabs: 15.0.6
[14:08:49] [modloading-worker-0/INFO] - konkrete: 1.8.0
[14:08:49] [modloading-worker-0/INFO] - kotlinforforge: 4.11.0
[14:08:49] [modloading-worker-0/INFO] - krypton: 0.2.3
[14:08:49] [modloading-worker-0/INFO] - kubejs: 2001.6.5-build.16
[14:08:49] [modloading-worker-0/INFO] - kubejs_botania: 1.4.0
[14:08:49] [modloading-worker-0/INFO] - kubejs_create: 2001.2.5-build.2
[14:08:49] [modloading-worker-0/INFO] - kubejsarsnouveau: 1.2.2
[14:08:49] [modloading-worker-0/INFO] - kubejsdelight: 1.1.2
[14:08:49] [modloading-worker-0/INFO] - kuma_api: 20.1.10
[14:08:49] [modloading-worker-0/INFO] - l2library: 2.4.16
[14:08:49] [modloading-worker-0/INFO] - labels: 1.20-2.0.0
[14:08:49] [modloading-worker-0/INFO] - lapisreserve: 1.0.8F
[14:08:49] [modloading-worker-0/INFO] - letmedespawn: 1.5.0
[14:08:49] [modloading-worker-0/INFO] - littlecontraptions: 1.20.1.2
[14:08:49] [modloading-worker-0/INFO] - littlelogistics: 1.20.1.2
[14:08:49] [modloading-worker-0/INFO] - lodestone: 1.20.1-1.6.4.1
[14:08:49] [modloading-worker-0/INFO] - logprot: 1.4
[14:08:49] [modloading-worker-0/INFO] - lootintegrations: 1.20.1-4.3
[14:08:49] [modloading-worker-0/INFO] - lootjs: 1.20.1-2.12.0
[14:08:49] [modloading-worker-0/INFO] - lootr: 0.7.35.91
[14:08:49] [modloading-worker-0/INFO] - malum: 1.20.1-1.6.6
[14:08:49] [modloading-worker-0/INFO] - mantle: 1.11.55
[14:08:49] [modloading-worker-0/INFO] - mcwbridges: 3.0.0
[14:08:49] [modloading-worker-0/INFO] - mcwtrpdoors: 1.1.4
[14:08:49] [modloading-worker-0/INFO] - mekanism: 10.4.15
[14:08:49] [modloading-worker-0/INFO] - mekanismadditions: 10.4.15
[14:08:49] [modloading-worker-0/INFO] - mekanismgenerators: 10.4.15
[14:08:49] [modloading-worker-0/INFO] - mekanismtools: 10.4.15
[14:08:49] [modloading-worker-0/INFO] - melody: 1.0.2
[14:08:49] [modloading-worker-0/INFO] - minecolonies: 1.20.1-1.1.873-snapshot
[14:08:49] [modloading-worker-0/INFO] - minecraft: 1.20.1
[14:08:49] [modloading-worker-0/INFO] - mixinextras: 0.4.1
[14:08:49] [modloading-worker-0/INFO] - mixinsquared: 0.2.0
[14:08:49] [modloading-worker-0/INFO] - moonlight: 1.20-2.13.82
[14:08:49] [modloading-worker-0/INFO] - mosaic_cosmetics: 1.0.0
[14:08:49] [modloading-worker-0/INFO] - mowziesmobs: 1.7.1
[14:08:49] [modloading-worker-0/INFO] - multipiston: 1.20-1.2.43-RELEASE
[14:08:49] [modloading-worker-0/INFO] - mutil: 6.2.0
[14:08:49] [modloading-worker-0/INFO] - naturescompass: 1.20.1-1.11.2-forge
[14:08:49] [modloading-worker-0/INFO] - neapolitan: 5.1.0
[14:08:49] [modloading-worker-0/INFO] - netherportalfix: 13.0.1
[14:08:49] [modloading-worker-0/INFO] - nethersdelight: 1.20.1-4.0
[14:08:49] [modloading-worker-0/INFO] - nitrogen_internals: 1.20.1-1.0.12-neoforge
[14:08:49] [modloading-worker-0/INFO] - nourished_nether: 0.2.5
[14:08:49] [modloading-worker-0/INFO] - obscure_api: 15
[14:08:49] [modloading-worker-0/INFO] - openpartiesandclaims: 0.24.0
[14:08:49] [modloading-worker-0/INFO] - panoramica: 1.2.1
[14:08:49] [modloading-worker-0/INFO] - patchouli: 1.20.1-84.1-FORGE
[14:08:49] [modloading-worker-0/INFO] - personality: 4.1.0
[14:08:49] [modloading-worker-0/INFO] - pigpen: 15.0.2
[14:08:49] [modloading-worker-0/INFO] - placebo: 8.6.3
[14:08:49] [modloading-worker-0/INFO] - playeranimator: 1.0.2-rc1+1.20
[14:08:49] [modloading-worker-0/INFO] - pneumaticcraft: 6.0.20+mc1.20.1
[14:08:49] [modloading-worker-0/INFO] - polyeng: 0.1.1-1.20.1
[14:08:49] [modloading-worker-0/INFO] - polymorph: 0.49.9+1.20.1
[14:08:49] [modloading-worker-0/INFO] - quark: 4.0-462
[14:08:49] [modloading-worker-0/INFO] - quarkoddities: 1.20.1
[14:08:49] [modloading-worker-0/INFO] - railways: 1.6.7+forge-mc1.20.1
[14:08:49] [modloading-worker-0/INFO] - rechiseled: 1.1.6
[14:08:49] [modloading-worker-0/INFO] - rechiseledcreate: 1.0.2
[14:08:49] [modloading-worker-0/INFO] - recipeessentials: 1.20.1-4.0
[14:08:49] [modloading-worker-0/INFO] - resourcefulconfig: 2.1.3
[14:08:49] [modloading-worker-0/INFO] - resourcefullib: 2.1.29
[14:08:49] [modloading-worker-0/INFO] - rhino: 2001.2.3-build.10
[14:08:49] [modloading-worker-0/INFO] - ribbits: 1.20.1-Forge-3.0.4
[14:08:49] [modloading-worker-0/INFO] - rightclickharvest: 4.5.3+1.20.1
[14:08:49] [modloading-worker-0/INFO] - roughlyenoughitems_servercomponent: 12.1.785
[14:08:49] [modloading-worker-0/INFO] - runelic: 18.0.2
[14:08:49] [modloading-worker-0/INFO] - savage_and_ravage: 6.0.0
[14:08:49] [modloading-worker-0/INFO] - sawmill: 1.20-1.4.6
[14:08:49] [modloading-worker-0/INFO] - searchables: 1.0.3
[14:08:49] [modloading-worker-0/INFO] - serverconfigupdater: 4.0.2
[14:08:49] [modloading-worker-0/INFO] - simplebackups: 1.20.1-3.1.8
[14:08:49] [modloading-worker-0/INFO] - simpleplanes: 1.20.1-5.3.3
[14:08:49] [modloading-worker-0/INFO] - simplerpc: 4.0.1
[14:08:49] [modloading-worker-0/INFO] - simplylight: 1.20.1-1.4.6-build.50
[14:08:49] [modloading-worker-0/INFO] - skinrestorer: 2.3.3+1.20-forge
[14:08:49] [modloading-worker-0/INFO] - sliceanddice: 3.3.0
[14:08:49] [modloading-worker-0/INFO] - smoothchunk: 1.20.1-4.1
[14:08:49] [modloading-worker-0/INFO] - snowrealmagic: 10.6.1
[14:08:49] [modloading-worker-0/INFO] - snowundertrees: 1.4.10
[14:08:49] [modloading-worker-0/INFO] - some_assembly_required: 1.20.1-4.2.0
[14:08:49] [modloading-worker-0/INFO] - sophisticatedbackpacks: 3.23.13.1229
[14:08:49] [modloading-worker-0/INFO] - sophisticatedcore: 1.2.45.953
[14:08:49] [modloading-worker-0/INFO] - spark: 1.10.53
[14:08:49] [modloading-worker-0/INFO] - spectrelib: 0.13.17+1.20.1
[14:08:49] [modloading-worker-0/INFO] - storagedrawers: 12.9.13
[14:08:49] [modloading-worker-0/INFO] - storageracks: 1.20.1-1.9
[14:08:49] [modloading-worker-0/INFO] - structure_gel: 2.16.2
[14:08:49] [modloading-worker-0/INFO] - structureessentials: 1.20.1-4.7
[14:08:49] [modloading-worker-0/INFO] - structurize: 1.20.1-1.0.769-snapshot
[14:08:49] [modloading-worker-0/INFO] - sullysmod: 3.2.1-beta
[14:08:49] [modloading-worker-0/INFO] - supermartijn642configlib: 1.1.8
[14:08:49] [modloading-worker-0/INFO] - supermartijn642corelib: 1.1.18
[14:08:49] [modloading-worker-0/INFO] - supplementaries: 1.20-3.1.18
[14:08:49] [modloading-worker-0/INFO] - suppsquared: 1.20-1.1.21
[14:08:49] [modloading-worker-0/INFO] - tconstruct: 3.10.0.67
[14:08:49] [modloading-worker-0/INFO] - terrablender: 3.0.1.10
[14:08:49] [modloading-worker-0/INFO] - tetra: 6.9.0
[14:08:49] [modloading-worker-0/INFO] - tetracelium: 1.3.1
[14:08:49] [modloading-worker-0/INFO] - tetranomicon: 1.6.1-1.20.1
[14:08:49] [modloading-worker-0/INFO] - tipsmod: 12.1.8
[14:08:49] [modloading-worker-0/INFO] - titanium: 3.8.32
[14:08:49] [modloading-worker-0/INFO] - toastcontrol: 8.0.3
[14:08:49] [modloading-worker-0/INFO] - toofast: 0.4.3.5
[14:08:49] [modloading-worker-0/INFO] - torchmaster: 20.1.9
[14:08:49] [modloading-worker-0/INFO] - towntalk: 1.1.0
[14:08:49] [modloading-worker-0/INFO] - transparent: 8.0.1+1.20.1
[14:08:49] [modloading-worker-0/INFO] - trashslot: 15.1.2
[14:08:49] [modloading-worker-0/INFO] - twigs: 1.20.1-3.1.1
[14:08:49] [modloading-worker-0/INFO] - twilightdelight: 2.0.13
[14:08:49] [modloading-worker-0/INFO] - twilightforest: 4.3.2508
[14:08:49] [modloading-worker-0/INFO] - undergarden: 0.8.14
[14:08:49] [modloading-worker-0/INFO] - upgrade_aquatic: 6.0.3
[14:08:49] [modloading-worker-0/INFO] - v_slab_compat: 1.20-2.5
[14:08:49] [modloading-worker-0/INFO] - valhelsia_core: 1.1.2
[14:08:49] [modloading-worker-0/INFO] - valhelsia_furniture: 1.1.3
[14:08:49] [modloading-worker-0/INFO] - valhelsia_structures: 1.20.1-1.1.2
[14:08:49] [modloading-worker-0/INFO] - valhelsia_tweaks: 0.1.0
[14:08:49] [modloading-worker-0/INFO] - vinery: 1.4.39
[14:08:49] [modloading-worker-0/INFO] - watut: 1.20.1-1.2.3
[14:08:49] [modloading-worker-0/INFO] - waystones: 14.1.11
[14:08:49] [modloading-worker-0/INFO] - woodworks: 3.0.2
[14:08:49] [modloading-worker-0/INFO] - xaerominimap: 25.2.0
[14:08:49] [modloading-worker-0/INFO] - xaeroworldmap: 1.39.4
[14:08:49] [modloading-worker-0/INFO] - xercamusic: 1.20.1-1.0.2
[14:08:49] [modloading-worker-0/INFO] - xercapaint: 1.20.1-1.0.1
[14:08:49] [modloading-worker-0/INFO] - yungsapi: 1.20-Forge-4.0.6
[14:08:49] [modloading-worker-0/INFO] - yungscavebiomes: 1.20.1-Forge-2.0.4
[14:08:49] [modloading-worker-0/INFO] - zeta: 1.0-30
[14:08:49] [modloading-worker-0/INFO] ========================================
[14:08:49] [modloading-worker-0/INFO] [REI] Registered plugin provider AetherREIServerPlugin [aether] for REIPlugin
[14:08:49] [modloading-worker-0/INFO] [REI] Registered plugin provider DefaultPluginImpl [roughlyenoughitems] for REIServerPlugin
[14:08:49] [modloading-worker-0/INFO] [REI] Registered plugin provider DefaultPluginImpl [roughlyenoughitems] for REIPlugin
[14:08:49] [modloading-worker-0/INFO] [REI] Registered plugin provider DefaultRuntimePlugin [roughlyenoughitems] for REIServerPlugin
[14:08:49] [modloading-worker-0/INFO] [REI] Registered plugin provider DefaultRuntimePlugin [roughlyenoughitems] for REIPlugin
[14:08:49] [modloading-worker-0/INFO] [REI] Registered plugin provider AetherREIServerPlugin [aether] for REIServerPlugin
[14:10:29] [main/DEBUG] [REI] Starting Reload Plugins of stage null
java.lang.Throwable
	at TRANSFORMER/roughlyenoughitems_servercomponent@12.1.785/me.shedaniel.rei.impl.common.plugins.ReloadManagerImpl.reloadPlugins(ReloadManagerImpl.java:110)
	at TRANSFORMER/roughlyenoughitems_servercomponent@12.1.785/me.shedaniel.rei.RoughlyEnoughItemsCore.lambda$onInitialize$5(RoughlyEnoughItemsCore.java:163)
	at java.base/java.util.concurrent.CompletableFuture$UniRun.tryFire(CompletableFuture.java:787)
	at java.base/java.util.concurrent.CompletableFuture$Completion.run(CompletableFuture.java:482)
	at TRANSFORMER/minecraft@1.20.1/net.minecraft.server.packs.resources.SimpleReloadInstance.m_143940_(SimpleReloadInstance.java:69)
	at TRANSFORMER/minecraft@1.20.1/net.minecraft.Util.m_214652_(Util.java:783)
	at TRANSFORMER/minecraft@1.20.1/net.minecraft.Util.m_214679_(Util.java:772)
	at TRANSFORMER/minecraft@1.20.1/net.minecraft.server.Main.main(Main.java:166)
	at java.base/jdk.internal.reflect.NativeMethodAccessorImpl.invoke0(Native Method)
	at java.base/jdk.internal.reflect.NativeMethodAccessorImpl.invoke(NativeMethodAccessorImpl.java:77)
	at java.base/jdk.internal.reflect.DelegatingMethodAccessorImpl.invoke(DelegatingMethodAccessorImpl.java:43)
	at java.base/java.lang.reflect.Method.invoke(Method.java:569)
	at MC-BOOTSTRAP/fmlloader@1.20.1-47.4.0/net.minecraftforge.fml.loading.targets.CommonLaunchHandler.runTarget(CommonLaunchHandler.java:111)
	at MC-BOOTSTRAP/fmlloader@1.20.1-47.4.0/net.minecraftforge.fml.loading.targets.CommonLaunchHandler.serverService(CommonLaunchHandler.java:103)
	at MC-BOOTSTRAP/fmlloader@1.20.1-47.4.0/net.minecraftforge.fml.loading.targets.CommonServerLaunchHandler.lambda$makeService$0(CommonServerLaunchHandler.java:27)
	at MC-BOOTSTRAP/cpw.mods.modlauncher@10.0.9/cpw.mods.modlauncher.LaunchServiceHandlerDecorator.launch(LaunchServiceHandlerDecorator.java:30)
	at MC-BOOTSTRAP/cpw.mods.modlauncher@10.0.9/cpw.mods.modlauncher.LaunchServiceHandler.launch(LaunchServiceHandler.java:53)
	at MC-BOOTSTRAP/cpw.mods.modlauncher@10.0.9/cpw.mods.modlauncher.LaunchServiceHandler.launch(LaunchServiceHandler.java:71)
	at MC-BOOTSTRAP/cpw.mods.modlauncher@10.0.9/cpw.mods.modlauncher.Launcher.run(Launcher.java:108)
	at MC-BOOTSTRAP/cpw.mods.modlauncher@10.0.9/cpw.mods.modlauncher.Launcher.main(Launcher.java:78)
	at MC-BOOTSTRAP/cpw.mods.modlauncher@10.0.9/cpw.mods.modlauncher.BootstrapLaunchConsumer.accept(BootstrapLaunchConsumer.java:26)
	at MC-BOOTSTRAP/cpw.mods.modlauncher@10.0.9/cpw.mods.modlauncher.BootstrapLaunchConsumer.accept(BootstrapLaunchConsumer.java:23)
	at cpw.mods.bootstraplauncher@1.1.2/cpw.mods.bootstraplauncher.BootstrapLauncher.main(BootstrapLauncher.java:141)
[14:10:29] [main/DEBUG] [REI] ========================================
[14:10:29] [main/DEBUG] [REI] REIPlugin starting pre-reload for START.
[14:10:29] [main/DEBUG] [REI] Reloadables (7):
[14:10:29] [main/DEBUG] [REI]  - EntryTypeRegistryImpl
[14:10:29] [main/DEBUG] [REI]  - EntrySettingsAdapterRegistryImpl
[14:10:29] [main/DEBUG] [REI]  - RecipeManagerContextImpl
[14:10:29] [main/DEBUG] [REI]  - ItemComparatorRegistryImpl
[14:10:29] [main/DEBUG] [REI]  - FluidComparatorRegistryImpl
[14:10:29] [main/DEBUG] [REI]  - DisplaySerializerRegistryImpl
[14:10:29] [main/DEBUG] [REI]  - FluidSupportProviderImpl
[14:10:29] [main/DEBUG] [REI] Plugins (3):
[14:10:29] [main/DEBUG] [REI]  - (-100.00) DefaultPluginImpl of DefaultPluginImpl [roughlyenoughitems]
[14:10:29] [main/DEBUG] [REI]  - (0.00) DefaultRuntimePlugin of DefaultRuntimePlugin [roughlyenoughitems]
[14:10:29] [main/DEBUG] [REI]  - (0.00) AetherREIServerPlugin of AetherREIServerPlugin [aether]
[14:10:29] [main/DEBUG] [REI] ========================================
[14:10:29] [main/TRACE] [REI] [REIPlugin START] Reloading Section: "pre-register/"
[14:10:29] [main/TRACE] [REI] [REIPlugin START] Reloading Section: "pre-register/DefaultPluginImpl of DefaultPluginImpl [roughlyenoughitems]/"
[14:10:29] [main/TRACE] [REI] [REIPlugin START] Reloading Section: "pre-register/DefaultPluginImpl of DefaultPluginImpl [roughlyenoughitems]/" done in 1.394 ms
[14:10:29] [main/TRACE] [REI] [REIPlugin START] Reloading Section: "pre-register/DefaultRuntimePlugin of DefaultRuntimePlugin [roughlyenoughitems]/"
[14:10:29] [main/TRACE] [REI] [REIPlugin START] Reloading Section: "pre-register/DefaultRuntimePlugin of DefaultRuntimePlugin [roughlyenoughitems]/" done in 47.72 μs
[14:10:29] [main/TRACE] [REI] [REIPlugin START] Reloading Section: "pre-register/AetherREIServerPlugin of AetherREIServerPlugin [aether]/"
[14:10:29] [main/TRACE] [REI] [REIPlugin START] Reloading Section: "pre-register/AetherREIServerPlugin of AetherREIServerPlugin [aether]/" done in 39.44 μs
[14:10:29] [main/TRACE] [REI] [REIPlugin START] Reloading Section: "pre-register/" done in 11.02 ms
[14:10:29] [main/TRACE] [REI] [REIPlugin START] Reloading Section: "pre-stage/"
[14:10:29] [main/TRACE] [REI] [REIPlugin START] Reloading Section: "pre-stage/EntryTypeRegistryImpl/"
[14:10:29] [main/TRACE] [REI] [REIPlugin START] Reloading Section: "pre-stage/EntryTypeRegistryImpl/" done in 233.6 μs
[14:10:29] [main/TRACE] [REI] [REIPlugin START] Reloading Section: "pre-stage/EntrySettingsAdapterRegistryImpl/"
[14:10:29] [main/TRACE] [REI] [REIPlugin START] Reloading Section: "pre-stage/EntrySettingsAdapterRegistryImpl/" done in 37.03 μs
[14:10:29] [main/TRACE] [REI] [REIPlugin START] Reloading Section: "pre-stage/RecipeManagerContextImpl/"
[14:10:29] [main/TRACE] [REI] [REIPlugin START] Reloading Section: "pre-stage/RecipeManagerContextImpl/" done in 34.54 μs
[14:10:29] [main/TRACE] [REI] [REIPlugin START] Reloading Section: "pre-stage/ItemComparatorRegistryImpl/"
[14:10:29] [main/TRACE] [REI] [REIPlugin START] Reloading Section: "pre-stage/ItemComparatorRegistryImpl/" done in 32.14 μs
[14:10:29] [main/TRACE] [REI] [REIPlugin START] Reloading Section: "pre-stage/FluidComparatorRegistryImpl/"
[14:10:29] [main/TRACE] [REI] [REIPlugin START] Reloading Section: "pre-stage/FluidComparatorRegistryImpl/" done in 31.23 μs
[14:10:29] [main/TRACE] [REI] [REIPlugin START] Reloading Section: "pre-stage/DisplaySerializerRegistryImpl/"
[14:10:29] [main/TRACE] [REI] [REIPlugin START] Reloading Section: "pre-stage/DisplaySerializerRegistryImpl/" done in 30.25 μs
[14:10:29] [main/TRACE] [REI] [REIPlugin START] Reloading Section: "pre-stage/FluidSupportProviderImpl/"
[14:10:29] [main/TRACE] [REI] [REIPlugin START] Reloading Section: "pre-stage/FluidSupportProviderImpl/" done in 31.87 μs
[14:10:29] [main/TRACE] [REI] [REIPlugin START] Reloading Section: "pre-stage/" done in 1.010 ms
[14:10:29] [main/DEBUG] [REI] ========================================
[14:10:29] [main/DEBUG] [REI] REIPlugin finished pre-reload for START in 12.60 ms.
[14:10:29] [main/DEBUG] [REI] ========================================
[14:10:29] [main/DEBUG] [REI] ========================================
[14:10:29] [main/DEBUG] [REI] REIServerPlugin starting pre-reload for START.
[14:10:29] [main/DEBUG] [REI] Reloadables (2):
[14:10:29] [main/DEBUG] [REI]  - MenuInfoRegistryImpl
[14:10:29] [main/DEBUG] [REI]  - SlotAccessorRegistryImpl
[14:10:29] [main/DEBUG] [REI] Plugins (3):
[14:10:29] [main/DEBUG] [REI]  - (-100.00) DefaultPluginImpl of DefaultPluginImpl [roughlyenoughitems]
[14:10:29] [main/DEBUG] [REI]  - (0.00) AetherREIServerPlugin of AetherREIServerPlugin [aether]
[14:10:29] [main/DEBUG] [REI]  - (0.00) DefaultRuntimePlugin of DefaultRuntimePlugin [roughlyenoughitems]
[14:10:29] [main/DEBUG] [REI] ========================================
[14:10:29] [main/TRACE] [REI] [REIServerPlugin START] Reloading Section: "pre-register/"
[14:10:29] [main/TRACE] [REI] [REIServerPlugin START] Reloading Section: "pre-register/DefaultPluginImpl of DefaultPluginImpl [roughlyenoughitems]/"
[14:10:29] [main/TRACE] [REI] [REIServerPlugin START] Reloading Section: "pre-register/DefaultPluginImpl of DefaultPluginImpl [roughlyenoughitems]/" done in 37.68 μs
[14:10:29] [main/TRACE] [REI] [REIServerPlugin START] Reloading Section: "pre-register/AetherREIServerPlugin of AetherREIServerPlugin [aether]/"
[14:10:29] [main/TRACE] [REI] [REIServerPlugin START] Reloading Section: "pre-register/AetherREIServerPlugin of AetherREIServerPlugin [aether]/" done in 34.07 μs
[14:10:29] [main/TRACE] [REI] [REIServerPlugin START] Reloading Section: "pre-register/DefaultRuntimePlugin of DefaultRuntimePlugin [roughlyenoughitems]/"
[14:10:29] [main/TRACE] [REI] [REIServerPlugin START] Reloading Section: "pre-register/DefaultRuntimePlugin of DefaultRuntimePlugin [roughlyenoughitems]/" done in 54.05 μs
[14:10:29] [main/TRACE] [REI] [REIServerPlugin START] Reloading Section: "pre-register/" done in 602.7 μs
[14:10:29] [main/TRACE] [REI] [REIServerPlugin START] Reloading Section: "pre-stage/"
[14:10:29] [main/TRACE] [REI] [REIServerPlugin START] Reloading Section: "pre-stage/MenuInfoRegistryImpl/"
[14:10:29] [main/TRACE] [REI] [REIServerPlugin START] Reloading Section: "pre-stage/MenuInfoRegistryImpl/" done in 40.09 μs
[14:10:29] [main/TRACE] [REI] [REIServerPlugin START] Reloading Section: "pre-stage/SlotAccessorRegistryImpl/"
[14:10:29] [main/TRACE] [REI] [REIServerPlugin START] Reloading Section: "pre-stage/SlotAccessorRegistryImpl/" done in 28.79 μs
[14:10:29] [main/TRACE] [REI] [REIServerPlugin START] Reloading Section: "pre-stage/" done in 217.8 μs
[14:10:29] [main/DEBUG] [REI] ========================================
[14:10:29] [main/DEBUG] [REI] REIServerPlugin finished pre-reload for START in 950.9 μs.
[14:10:29] [main/DEBUG] [REI] ========================================
[14:10:29] [main/INFO] [REI] @@@@@@@@@@@@@@@@@@@@@@@@@@@@@@@@@@@@@@@@
[14:10:29] [main/INFO] [REI] REIPlugin starting main-reload for START.
[14:10:29] [main/DEBUG] [REI] Reloadables (7):
[14:10:29] [main/DEBUG] [REI]  - EntryTypeRegistryImpl
[14:10:29] [main/DEBUG] [REI]  - EntrySettingsAdapterRegistryImpl
[14:10:29] [main/DEBUG] [REI]  - RecipeManagerContextImpl
[14:10:29] [main/DEBUG] [REI]  - ItemComparatorRegistryImpl
[14:10:29] [main/DEBUG] [REI]  - FluidComparatorRegistryImpl
[14:10:29] [main/DEBUG] [REI]  - DisplaySerializerRegistryImpl
[14:10:29] [main/DEBUG] [REI]  - FluidSupportProviderImpl
[14:10:29] [main/INFO] [REI] Plugins (3):
[14:10:29] [main/INFO] [REI]  - (-100.00) DefaultPluginImpl of DefaultPluginImpl [roughlyenoughitems]
[14:10:29] [main/INFO] [REI]  - (0.00) DefaultRuntimePlugin of DefaultRuntimePlugin [roughlyenoughitems]
[14:10:29] [main/INFO] [REI]  - (0.00) AetherREIServerPlugin of AetherREIServerPlugin [aether]
[14:10:29] [main/INFO] [REI] @@@@@@@@@@@@@@@@@@@@@@@@@@@@@@@@@@@@@@@@
[14:10:29] [main/TRACE] [REI] [REIPlugin START] Reloading Section: "start-reload/"
[14:10:29] [main/TRACE] [REI] [REIPlugin START] Reloading Section: "start-reload/EntryTypeRegistryImpl/"
[14:10:29] [main/TRACE] [REI] [REIPlugin START] Reloading Section: "start-reload/EntryTypeRegistryImpl/" done in 91.03 μs
[14:10:29] [main/TRACE] [REI] [REIPlugin START] Reloading Section: "start-reload/EntrySettingsAdapterRegistryImpl/"
[14:10:29] [main/TRACE] [REI] [REIPlugin START] Reloading Section: "start-reload/EntrySettingsAdapterRegistryImpl/" done in 38.53 μs
[14:10:29] [main/TRACE] [REI] [REIPlugin START] Reloading Section: "start-reload/RecipeManagerContextImpl/"
[14:10:29] [main/TRACE] [REI] [REIPlugin START] Reloading Section: "start-reload/RecipeManagerContextImpl/" done in 100.1 μs
[14:10:29] [main/TRACE] [REI] [REIPlugin START] Reloading Section: "start-reload/ItemComparatorRegistryImpl/"
[14:10:29] [main/TRACE] [REI] [REIPlugin START] Reloading Section: "start-reload/ItemComparatorRegistryImpl/" done in 130.7 μs
[14:10:29] [main/TRACE] [REI] [REIPlugin START] Reloading Section: "start-reload/FluidComparatorRegistryImpl/"
[14:10:29] [main/TRACE] [REI] [REIPlugin START] Reloading Section: "start-reload/FluidComparatorRegistryImpl/" done in 80.58 μs
[14:10:29] [main/TRACE] [REI] [REIPlugin START] Reloading Section: "start-reload/DisplaySerializerRegistryImpl/"
[14:10:29] [main/TRACE] [REI] [REIPlugin START] Reloading Section: "start-reload/DisplaySerializerRegistryImpl/" done in 310.4 μs
[14:10:29] [main/TRACE] [REI] [REIPlugin START] Reloading Section: "start-reload/FluidSupportProviderImpl/"
[14:10:29] [main/TRACE] [REI] [REIPlugin START] Reloading Section: "start-reload/FluidSupportProviderImpl/" done in 160.0 μs
[14:10:29] [main/TRACE] [REI] [REIPlugin START] Reloading Section: "start-reload/" done in 2.914 ms
[14:10:29] [main/DEBUG] [REI] ========================================
[14:10:29] [main/DEBUG] [REI] REIPlugin started main-reload for START.
[14:10:29] [main/DEBUG] [REI] ========================================
[14:10:29] [main/TRACE] [REI] [REIPlugin START] Reloading Section: "reloadable-plugin/EntryTypeRegistryImpl/"
[14:10:29] [main/TRACE] [REI] [REIPlugin START] Reloading Section: "reloadable-plugin/EntryTypeRegistryImpl/DefaultPluginImpl of DefaultPluginImpl [roughlyenoughitems]/"
[14:10:29] [main/TRACE] [REI] [REIPlugin START] Reloading Section: "reloadable-plugin/EntryTypeRegistryImpl/DefaultPluginImpl of DefaultPluginImpl [roughlyenoughitems]/" done in 593.8 μs
[14:10:29] [main/TRACE] [REI] [REIPlugin START] Reloading Section: "reloadable-plugin/EntryTypeRegistryImpl/DefaultRuntimePlugin of DefaultRuntimePlugin [roughlyenoughitems]/"
[14:10:29] [main/TRACE] [REI] [REIPlugin START] Reloading Section: "reloadable-plugin/EntryTypeRegistryImpl/DefaultRuntimePlugin of DefaultRuntimePlugin [roughlyenoughitems]/" done in 13.63 ms
[14:10:29] [main/TRACE] [REI] [REIPlugin START] Reloading Section: "reloadable-plugin/EntryTypeRegistryImpl/AetherREIServerPlugin of AetherREIServerPlugin [aether]/"
[14:10:29] [main/TRACE] [REI] [REIPlugin START] Reloading Section: "reloadable-plugin/EntryTypeRegistryImpl/AetherREIServerPlugin of AetherREIServerPlugin [aether]/" done in 60.35 μs
[14:10:29] [main/TRACE] [REI] [REIPlugin START] Reloading Section: "reloadable-plugin/EntryTypeRegistryImpl/" done in 16.06 ms
[14:10:29] [main/TRACE] [REI] [REIPlugin START] Reloading Section: "reloadable-plugin/EntrySettingsAdapterRegistryImpl/"
[14:10:29] [main/TRACE] [REI] [REIPlugin START] Reloading Section: "reloadable-plugin/EntrySettingsAdapterRegistryImpl/DefaultPluginImpl of DefaultPluginImpl [roughlyenoughitems]/"
[14:10:29] [main/TRACE] [REI] [REIPlugin START] Reloading Section: "reloadable-plugin/EntrySettingsAdapterRegistryImpl/DefaultPluginImpl of DefaultPluginImpl [roughlyenoughitems]/" done in 40.36 μs
[14:10:29] [main/TRACE] [REI] [REIPlugin START] Reloading Section: "reloadable-plugin/EntrySettingsAdapterRegistryImpl/DefaultRuntimePlugin of DefaultRuntimePlugin [roughlyenoughitems]/"
[14:10:29] [main/TRACE] [REI] [REIPlugin START] Reloading Section: "reloadable-plugin/EntrySettingsAdapterRegistryImpl/DefaultRuntimePlugin of DefaultRuntimePlugin [roughlyenoughitems]/" done in 40.78 μs
[14:10:29] [main/TRACE] [REI] [REIPlugin START] Reloading Section: "reloadable-plugin/EntrySettingsAdapterRegistryImpl/AetherREIServerPlugin of AetherREIServerPlugin [aether]/"
[14:10:29] [main/TRACE] [REI] [REIPlugin START] Reloading Section: "reloadable-plugin/EntrySettingsAdapterRegistryImpl/AetherREIServerPlugin of AetherREIServerPlugin [aether]/" done in 41.03 μs
[14:10:29] [main/TRACE] [REI] [REIPlugin START] Reloading Section: "reloadable-plugin/EntrySettingsAdapterRegistryImpl/" done in 446.1 μs
[14:10:29] [main/TRACE] [REI] [REIPlugin START] Reloading Section: "reloadable-plugin/RecipeManagerContextImpl/"
[14:10:29] [main/TRACE] [REI] [REIPlugin START] Reloading Section: "reloadable-plugin/RecipeManagerContextImpl/DefaultPluginImpl of DefaultPluginImpl [roughlyenoughitems]/"
[14:10:29] [main/TRACE] [REI] [REIPlugin START] Reloading Section: "reloadable-plugin/RecipeManagerContextImpl/DefaultPluginImpl of DefaultPluginImpl [roughlyenoughitems]/" done in 41.23 μs
[14:10:29] [main/TRACE] [REI] [REIPlugin START] Reloading Section: "reloadable-plugin/RecipeManagerContextImpl/DefaultRuntimePlugin of DefaultRuntimePlugin [roughlyenoughitems]/"
[14:10:29] [main/TRACE] [REI] [REIPlugin START] Reloading Section: "reloadable-plugin/RecipeManagerContextImpl/DefaultRuntimePlugin of DefaultRuntimePlugin [roughlyenoughitems]/" done in 38.81 μs
[14:10:29] [main/TRACE] [REI] [REIPlugin START] Reloading Section: "reloadable-plugin/RecipeManagerContextImpl/AetherREIServerPlugin of AetherREIServerPlugin [aether]/"
[14:10:29] [main/TRACE] [REI] [REIPlugin START] Reloading Section: "reloadable-plugin/RecipeManagerContextImpl/AetherREIServerPlugin of AetherREIServerPlugin [aether]/" done in 39.52 μs
[14:10:29] [main/TRACE] [REI] [REIPlugin START] Reloading Section: "reloadable-plugin/RecipeManagerContextImpl/" done in 387.2 μs
[14:10:29] [main/TRACE] [REI] [REIPlugin START] Reloading Section: "reloadable-plugin/ItemComparatorRegistryImpl/"
[14:10:29] [main/TRACE] [REI] [REIPlugin START] Reloading Section: "reloadable-plugin/ItemComparatorRegistryImpl/DefaultPluginImpl of DefaultPluginImpl [roughlyenoughitems]/"
[14:10:29] [main/TRACE] [REI] [REIPlugin START] Reloading Section: "reloadable-plugin/ItemComparatorRegistryImpl/DefaultPluginImpl of DefaultPluginImpl [roughlyenoughitems]/" done in 910.2 μs
[14:10:29] [main/TRACE] [REI] [REIPlugin START] Reloading Section: "reloadable-plugin/ItemComparatorRegistryImpl/DefaultRuntimePlugin of DefaultRuntimePlugin [roughlyenoughitems]/"
[14:10:29] [main/TRACE] [REI] [REIPlugin START] Reloading Section: "reloadable-plugin/ItemComparatorRegistryImpl/DefaultRuntimePlugin of DefaultRuntimePlugin [roughlyenoughitems]/" done in 44.43 μs
[14:10:29] [main/TRACE] [REI] [REIPlugin START] Reloading Section: "reloadable-plugin/ItemComparatorRegistryImpl/AetherREIServerPlugin of AetherREIServerPlugin [aether]/"
[14:10:29] [main/TRACE] [REI] [REIPlugin START] Reloading Section: "reloadable-plugin/ItemComparatorRegistryImpl/AetherREIServerPlugin of AetherREIServerPlugin [aether]/" done in 83.15 μs
[14:10:29] [main/TRACE] [REI] [REIPlugin START] Reloading Section: "reloadable-plugin/ItemComparatorRegistryImpl/" done in 2.426 ms
[14:10:29] [main/TRACE] [REI] [REIPlugin START] Reloading Section: "reloadable-plugin/FluidComparatorRegistryImpl/"
[14:10:29] [main/TRACE] [REI] [REIPlugin START] Reloading Section: "reloadable-plugin/FluidComparatorRegistryImpl/DefaultPluginImpl of DefaultPluginImpl [roughlyenoughitems]/"
[14:10:29] [main/TRACE] [REI] [REIPlugin START] Reloading Section: "reloadable-plugin/FluidComparatorRegistryImpl/DefaultPluginImpl of DefaultPluginImpl [roughlyenoughitems]/" done in 64.05 μs
[14:10:29] [main/TRACE] [REI] [REIPlugin START] Reloading Section: "reloadable-plugin/FluidComparatorRegistryImpl/DefaultRuntimePlugin of DefaultRuntimePlugin [roughlyenoughitems]/"
[14:10:29] [main/TRACE] [REI] [REIPlugin START] Reloading Section: "reloadable-plugin/FluidComparatorRegistryImpl/DefaultRuntimePlugin of DefaultRuntimePlugin [roughlyenoughitems]/" done in 84.31 μs
[14:10:29] [main/TRACE] [REI] [REIPlugin START] Reloading Section: "reloadable-plugin/FluidComparatorRegistryImpl/AetherREIServerPlugin of AetherREIServerPlugin [aether]/"
[14:10:29] [main/TRACE] [REI] [REIPlugin START] Reloading Section: "reloadable-plugin/FluidComparatorRegistryImpl/AetherREIServerPlugin of AetherREIServerPlugin [aether]/" done in 57.23 μs
[14:10:29] [main/TRACE] [REI] [REIPlugin START] Reloading Section: "reloadable-plugin/FluidComparatorRegistryImpl/" done in 1.245 ms
[14:10:29] [main/TRACE] [REI] [REIPlugin START] Reloading Section: "reloadable-plugin/DisplaySerializerRegistryImpl/"
[14:10:29] [main/TRACE] [REI] [REIPlugin START] Reloading Section: "reloadable-plugin/DisplaySerializerRegistryImpl/DefaultPluginImpl of DefaultPluginImpl [roughlyenoughitems]/"
[14:10:29] [main/TRACE] [REI] [REIPlugin START] Reloading Section: "reloadable-plugin/DisplaySerializerRegistryImpl/DefaultPluginImpl of DefaultPluginImpl [roughlyenoughitems]/" done in 54.42 μs
[14:10:29] [main/TRACE] [REI] [REIPlugin START] Reloading Section: "reloadable-plugin/DisplaySerializerRegistryImpl/DefaultRuntimePlugin of DefaultRuntimePlugin [roughlyenoughitems]/"
[14:10:29] [main/TRACE] [REI] [REIPlugin START] Reloading Section: "reloadable-plugin/DisplaySerializerRegistryImpl/DefaultRuntimePlugin of DefaultRuntimePlugin [roughlyenoughitems]/" done in 54.49 μs
[14:10:29] [main/TRACE] [REI] [REIPlugin START] Reloading Section: "reloadable-plugin/DisplaySerializerRegistryImpl/AetherREIServerPlugin of AetherREIServerPlugin [aether]/"
[14:10:29] [main/TRACE] [REI] [REIPlugin START] Reloading Section: "reloadable-plugin/DisplaySerializerRegistryImpl/AetherREIServerPlugin of AetherREIServerPlugin [aether]/" done in 54.34 μs
[14:10:29] [main/TRACE] [REI] [REIPlugin START] Reloading Section: "reloadable-plugin/DisplaySerializerRegistryImpl/" done in 530.4 μs
[14:10:29] [main/TRACE] [REI] [REIPlugin START] Reloading Section: "reloadable-plugin/FluidSupportProviderImpl/"
[14:10:29] [main/TRACE] [REI] [REIPlugin START] Reloading Section: "reloadable-plugin/FluidSupportProviderImpl/DefaultPluginImpl of DefaultPluginImpl [roughlyenoughitems]/"
[14:10:29] [main/TRACE] [REI] [REIPlugin START] Reloading Section: "reloadable-plugin/FluidSupportProviderImpl/DefaultPluginImpl of DefaultPluginImpl [roughlyenoughitems]/" done in 1.047 ms
[14:10:29] [main/TRACE] [REI] [REIPlugin START] Reloading Section: "reloadable-plugin/FluidSupportProviderImpl/DefaultRuntimePlugin of DefaultRuntimePlugin [roughlyenoughitems]/"
[14:10:29] [main/TRACE] [REI] [REIPlugin START] Reloading Section: "reloadable-plugin/FluidSupportProviderImpl/DefaultRuntimePlugin of DefaultRuntimePlugin [roughlyenoughitems]/" done in 76.90 μs
[14:10:29] [main/TRACE] [REI] [REIPlugin START] Reloading Section: "reloadable-plugin/FluidSupportProviderImpl/AetherREIServerPlugin of AetherREIServerPlugin [aether]/"
[14:10:29] [main/TRACE] [REI] [REIPlugin START] Reloading Section: "reloadable-plugin/FluidSupportProviderImpl/AetherREIServerPlugin of AetherREIServerPlugin [aether]/" done in 55.28 μs
[14:10:29] [main/TRACE] [REI] [REIPlugin START] Reloading Section: "reloadable-plugin/FluidSupportProviderImpl/" done in 1.694 ms
[14:10:29] [main/DEBUG] [REI] ========================================
[14:10:29] [main/DEBUG] [REI] REIPlugin ending main-reload for START.
[14:10:29] [main/DEBUG] [REI] ========================================
[14:10:29] [main/TRACE] [REI] [REIPlugin START] Reloading Section: "end-reload/"
[14:10:29] [main/TRACE] [REI] [REIPlugin START] Reloading Section: "end-reload/EntryTypeRegistryImpl/"
[14:10:29] [main/TRACE] [REI] [REIPlugin START] Reloading Section: "end-reload/EntryTypeRegistryImpl/" done in 419.7 μs
[14:10:29] [main/TRACE] [REI] [REIPlugin START] Reloading Section: "end-reload/EntrySettingsAdapterRegistryImpl/"
[14:10:29] [main/TRACE] [REI] [REIPlugin START] Reloading Section: "end-reload/EntrySettingsAdapterRegistryImpl/" done in 55.30 μs
[14:10:29] [main/TRACE] [REI] [REIPlugin START] Reloading Section: "end-reload/RecipeManagerContextImpl/"
[14:10:29] [main/TRACE] [REI] [REIPlugin START] Reloading Section: "end-reload/RecipeManagerContextImpl/" done in 53.83 μs
[14:10:29] [main/TRACE] [REI] [REIPlugin START] Reloading Section: "end-reload/ItemComparatorRegistryImpl/"
[14:10:29] [main/TRACE] [REI] [REIPlugin START] Reloading Section: "end-reload/ItemComparatorRegistryImpl/" done in 49.32 μs
[14:10:29] [main/TRACE] [REI] [REIPlugin START] Reloading Section: "end-reload/FluidComparatorRegistryImpl/"
[14:10:29] [main/TRACE] [REI] [REIPlugin START] Reloading Section: "end-reload/FluidComparatorRegistryImpl/" done in 49.47 μs
[14:10:29] [main/TRACE] [REI] [REIPlugin START] Reloading Section: "end-reload/DisplaySerializerRegistryImpl/"
[14:10:29] [main/TRACE] [REI] [REIPlugin START] Reloading Section: "end-reload/DisplaySerializerRegistryImpl/" done in 43.56 μs
[14:10:29] [main/TRACE] [REI] [REIPlugin START] Reloading Section: "end-reload/FluidSupportProviderImpl/"
[14:10:29] [main/TRACE] [REI] [REIPlugin START] Reloading Section: "end-reload/FluidSupportProviderImpl/" done in 95.79 μs
[14:10:29] [main/TRACE] [REI] [REIPlugin START] Reloading Section: "end-reload/" done in 1.928 ms
[14:10:29] [main/DEBUG] [REI] ========================================
[14:10:29] [main/DEBUG] [REI] REIPlugin ended main-reload for START in 38.54 ms.
[14:10:29] [main/DEBUG] [REI] ========================================
[14:10:29] [main/INFO] [REI] ########################################
[14:10:29] [main/INFO] [REI] REIServerPlugin starting main-reload for START.
[14:10:29] [main/DEBUG] [REI] Reloadables (2):
[14:10:29] [main/DEBUG] [REI]  - MenuInfoRegistryImpl
[14:10:29] [main/DEBUG] [REI]  - SlotAccessorRegistryImpl
[14:10:29] [main/INFO] [REI] Plugins (3):
[14:10:29] [main/INFO] [REI]  - (-100.00) DefaultPluginImpl of DefaultPluginImpl [roughlyenoughitems]
[14:10:29] [main/INFO] [REI]  - (0.00) AetherREIServerPlugin of AetherREIServerPlugin [aether]
[14:10:29] [main/INFO] [REI]  - (0.00) DefaultRuntimePlugin of DefaultRuntimePlugin [roughlyenoughitems]
[14:10:29] [main/INFO] [REI] ########################################
[14:10:29] [main/TRACE] [REI] [REIServerPlugin START] Reloading Section: "start-reload/"
[14:10:29] [main/TRACE] [REI] [REIServerPlugin START] Reloading Section: "start-reload/MenuInfoRegistryImpl/"
[14:10:29] [main/TRACE] [REI] [REIServerPlugin START] Reloading Section: "start-reload/MenuInfoRegistryImpl/" done in 31.58 μs
[14:10:29] [main/TRACE] [REI] [REIServerPlugin START] Reloading Section: "start-reload/SlotAccessorRegistryImpl/"
[14:10:29] [main/TRACE] [REI] [REIServerPlugin START] Reloading Section: "start-reload/SlotAccessorRegistryImpl/" done in 25.56 μs
[14:10:29] [main/TRACE] [REI] [REIServerPlugin START] Reloading Section: "start-reload/" done in 212.3 μs
[14:10:29] [main/DEBUG] [REI] ========================================
[14:10:29] [main/DEBUG] [REI] REIServerPlugin started main-reload for START.
[14:10:29] [main/DEBUG] [REI] ========================================
[14:10:29] [main/TRACE] [REI] [REIServerPlugin START] Reloading Section: "reloadable-plugin/MenuInfoRegistryImpl/"
[14:10:29] [main/TRACE] [REI] [REIServerPlugin START] Reloading Section: "reloadable-plugin/MenuInfoRegistryImpl/DefaultPluginImpl of DefaultPluginImpl [roughlyenoughitems]/"
[14:10:29] [main/TRACE] [REI] [REIServerPlugin START] Reloading Section: "reloadable-plugin/MenuInfoRegistryImpl/DefaultPluginImpl of DefaultPluginImpl [roughlyenoughitems]/" done in 71.96 μs
[14:10:29] [main/TRACE] [REI] [REIServerPlugin START] Reloading Section: "reloadable-plugin/MenuInfoRegistryImpl/AetherREIServerPlugin of AetherREIServerPlugin [aether]/"
[14:10:29] [main/TRACE] [REI] [REIServerPlugin START] Reloading Section: "reloadable-plugin/MenuInfoRegistryImpl/AetherREIServerPlugin of AetherREIServerPlugin [aether]/" done in 33.95 μs
[14:10:29] [main/TRACE] [REI] [REIServerPlugin START] Reloading Section: "reloadable-plugin/MenuInfoRegistryImpl/DefaultRuntimePlugin of DefaultRuntimePlugin [roughlyenoughitems]/"
[14:10:29] [main/TRACE] [REI] [REIServerPlugin START] Reloading Section: "reloadable-plugin/MenuInfoRegistryImpl/DefaultRuntimePlugin of DefaultRuntimePlugin [roughlyenoughitems]/" done in 29.15 μs
[14:10:29] [main/TRACE] [REI] [REIServerPlugin START] Reloading Section: "reloadable-plugin/MenuInfoRegistryImpl/" done in 405.2 μs
[14:10:29] [main/TRACE] [REI] [REIServerPlugin START] Reloading Section: "reloadable-plugin/SlotAccessorRegistryImpl/"
[14:10:29] [main/TRACE] [REI] [REIServerPlugin START] Reloading Section: "reloadable-plugin/SlotAccessorRegistryImpl/DefaultPluginImpl of DefaultPluginImpl [roughlyenoughitems]/"
[14:10:29] [main/TRACE] [REI] [REIServerPlugin START] Reloading Section: "reloadable-plugin/SlotAccessorRegistryImpl/DefaultPluginImpl of DefaultPluginImpl [roughlyenoughitems]/" done in 27.43 μs
[14:10:29] [main/TRACE] [REI] [REIServerPlugin START] Reloading Section: "reloadable-plugin/SlotAccessorRegistryImpl/AetherREIServerPlugin of AetherREIServerPlugin [aether]/"
[14:10:29] [main/TRACE] [REI] [REIServerPlugin START] Reloading Section: "reloadable-plugin/SlotAccessorRegistryImpl/AetherREIServerPlugin of AetherREIServerPlugin [aether]/" done in 27.57 μs
[14:10:29] [main/TRACE] [REI] [REIServerPlugin START] Reloading Section: "reloadable-plugin/SlotAccessorRegistryImpl/DefaultRuntimePlugin of DefaultRuntimePlugin [roughlyenoughitems]/"
[14:10:29] [main/TRACE] [REI] [REIServerPlugin START] Reloading Section: "reloadable-plugin/SlotAccessorRegistryImpl/DefaultRuntimePlugin of DefaultRuntimePlugin [roughlyenoughitems]/" done in 113.7 μs
[14:10:29] [main/TRACE] [REI] [REIServerPlugin START] Reloading Section: "reloadable-plugin/SlotAccessorRegistryImpl/" done in 2.938 ms
[14:10:29] [main/DEBUG] [REI] ========================================
[14:10:29] [main/DEBUG] [REI] REIServerPlugin ending main-reload for START.
[14:10:29] [main/DEBUG] [REI] ========================================
[14:10:29] [main/TRACE] [REI] [REIServerPlugin START] Reloading Section: "end-reload/"
[14:10:29] [main/TRACE] [REI] [REIServerPlugin START] Reloading Section: "end-reload/MenuInfoRegistryImpl/"
[14:10:29] [main/TRACE] [REI] [REIServerPlugin START] Reloading Section: "end-reload/MenuInfoRegistryImpl/" done in 49.29 μs
[14:10:29] [main/TRACE] [REI] [REIServerPlugin START] Reloading Section: "end-reload/SlotAccessorRegistryImpl/"
[14:10:29] [main/TRACE] [REI] [REIServerPlugin START] Reloading Section: "end-reload/SlotAccessorRegistryImpl/" done in 70.30 μs
[14:10:29] [main/TRACE] [REI] [REIServerPlugin START] Reloading Section: "end-reload/" done in 753.1 μs
[14:10:29] [main/DEBUG] [REI] ========================================
[14:10:29] [main/DEBUG] [REI] REIServerPlugin ended main-reload for START in 6.626 ms.
[14:10:29] [main/DEBUG] [REI] ========================================
[14:10:29] [main/DEBUG] [REI] ========================================
[14:10:29] [main/DEBUG] [REI] REIPlugin starting post-reload for START.
[14:10:29] [main/DEBUG] [REI] Reloadables (7):
[14:10:29] [main/DEBUG] [REI]  - EntryTypeRegistryImpl
[14:10:29] [main/DEBUG] [REI]  - EntrySettingsAdapterRegistryImpl
[14:10:29] [main/DEBUG] [REI]  - RecipeManagerContextImpl
[14:10:29] [main/DEBUG] [REI]  - ItemComparatorRegistryImpl
[14:10:29] [main/DEBUG] [REI]  - FluidComparatorRegistryImpl
[14:10:29] [main/DEBUG] [REI]  - DisplaySerializerRegistryImpl
[14:10:29] [main/DEBUG] [REI]  - FluidSupportProviderImpl
[14:10:29] [main/DEBUG] [REI] Plugins (3):
[14:10:29] [main/DEBUG] [REI]  - (-100.00) DefaultPluginImpl of DefaultPluginImpl [roughlyenoughitems]
[14:10:29] [main/DEBUG] [REI]  - (0.00) DefaultRuntimePlugin of DefaultRuntimePlugin [roughlyenoughitems]
[14:10:29] [main/DEBUG] [REI]  - (0.00) AetherREIServerPlugin of AetherREIServerPlugin [aether]
[14:10:29] [main/DEBUG] [REI] ========================================
[14:10:29] [main/TRACE] [REI] [REIPlugin START] Reloading Section: "post-register/"
[14:10:29] [main/TRACE] [REI] [REIPlugin START] Reloading Section: "post-register/DefaultPluginImpl of DefaultPluginImpl [roughlyenoughitems]/"
[14:10:29] [main/TRACE] [REI] [REIPlugin START] Reloading Section: "post-register/DefaultPluginImpl of DefaultPluginImpl [roughlyenoughitems]/" done in 266.8 μs
[14:10:29] [main/TRACE] [REI] [REIPlugin START] Reloading Section: "post-register/DefaultRuntimePlugin of DefaultRuntimePlugin [roughlyenoughitems]/"
[14:10:29] [main/TRACE] [REI] [REIPlugin START] Reloading Section: "post-register/DefaultRuntimePlugin of DefaultRuntimePlugin [roughlyenoughitems]/" done in 33.85 μs
[14:10:29] [main/TRACE] [REI] [REIPlugin START] Reloading Section: "post-register/AetherREIServerPlugin of AetherREIServerPlugin [aether]/"
[14:10:29] [main/TRACE] [REI] [REIPlugin START] Reloading Section: "post-register/AetherREIServerPlugin of AetherREIServerPlugin [aether]/" done in 37.99 μs
[14:10:29] [main/TRACE] [REI] [REIPlugin START] Reloading Section: "post-register/" done in 787.1 μs
[14:10:29] [main/TRACE] [REI] [REIPlugin START] Reloading Section: "post-stage/"
[14:10:29] [main/TRACE] [REI] [REIPlugin START] Reloading Section: "post-stage/EntryTypeRegistryImpl/"
[14:10:29] [main/TRACE] [REI] [REIPlugin START] Reloading Section: "post-stage/EntryTypeRegistryImpl/" done in 38.75 μs
[14:10:29] [main/TRACE] [REI] [REIPlugin START] Reloading Section: "post-stage/EntrySettingsAdapterRegistryImpl/"
[14:10:29] [main/TRACE] [REI] [REIPlugin START] Reloading Section: "post-stage/EntrySettingsAdapterRegistryImpl/" done in 30.73 μs
[14:10:29] [main/TRACE] [REI] [REIPlugin START] Reloading Section: "post-stage/RecipeManagerContextImpl/"
[14:10:29] [main/TRACE] [REI] [REIPlugin START] Reloading Section: "post-stage/RecipeManagerContextImpl/" done in 32.22 μs
[14:10:29] [main/TRACE] [REI] [REIPlugin START] Reloading Section: "post-stage/ItemComparatorRegistryImpl/"
[14:10:29] [main/TRACE] [REI] [REIPlugin START] Reloading Section: "post-stage/ItemComparatorRegistryImpl/" done in 32.70 μs
[14:10:29] [main/TRACE] [REI] [REIPlugin START] Reloading Section: "post-stage/FluidComparatorRegistryImpl/"
[14:10:29] [main/TRACE] [REI] [REIPlugin START] Reloading Section: "post-stage/FluidComparatorRegistryImpl/" done in 34.46 μs
[14:10:29] [main/TRACE] [REI] [REIPlugin START] Reloading Section: "post-stage/DisplaySerializerRegistryImpl/"
[14:10:29] [main/TRACE] [REI] [REIPlugin START] Reloading Section: "post-stage/DisplaySerializerRegistryImpl/" done in 39.61 μs
[14:10:29] [main/TRACE] [REI] [REIPlugin START] Reloading Section: "post-stage/FluidSupportProviderImpl/"
[14:10:29] [main/TRACE] [REI] [REIPlugin START] Reloading Section: "post-stage/FluidSupportProviderImpl/" done in 29.63 μs
[14:10:29] [main/TRACE] [REI] [REIPlugin START] Reloading Section: "post-stage/" done in 2.233 ms
[14:10:29] [main/DEBUG] [REI] ========================================
[14:10:29] [main/INFO] [REI] REIPlugin finished post-reload for START in 3.257 ms, totaling 54.33 ms.
[14:10:29] [main/DEBUG] [REI] ========================================
[14:10:29] [main/DEBUG] [REI] ========================================
[14:10:29] [main/DEBUG] [REI] REIServerPlugin starting post-reload for START.
[14:10:29] [main/DEBUG] [REI] Reloadables (2):
[14:10:29] [main/DEBUG] [REI]  - MenuInfoRegistryImpl
[14:10:29] [main/DEBUG] [REI]  - SlotAccessorRegistryImpl
[14:10:29] [main/DEBUG] [REI] Plugins (3):
[14:10:29] [main/DEBUG] [REI]  - (-100.00) DefaultPluginImpl of DefaultPluginImpl [roughlyenoughitems]
[14:10:29] [main/DEBUG] [REI]  - (0.00) AetherREIServerPlugin of AetherREIServerPlugin [aether]
[14:10:29] [main/DEBUG] [REI]  - (0.00) DefaultRuntimePlugin of DefaultRuntimePlugin [roughlyenoughitems]
[14:10:29] [main/DEBUG] [REI] ========================================
[14:10:29] [main/TRACE] [REI] [REIServerPlugin START] Reloading Section: "post-register/"
[14:10:29] [main/TRACE] [REI] [REIServerPlugin START] Reloading Section: "post-register/DefaultPluginImpl of DefaultPluginImpl [roughlyenoughitems]/"
[14:10:29] [main/TRACE] [REI] [REIServerPlugin START] Reloading Section: "post-register/DefaultPluginImpl of DefaultPluginImpl [roughlyenoughitems]/" done in 45.07 μs
[14:10:29] [main/TRACE] [REI] [REIServerPlugin START] Reloading Section: "post-register/AetherREIServerPlugin of AetherREIServerPlugin [aether]/"
[14:10:29] [main/TRACE] [REI] [REIServerPlugin START] Reloading Section: "post-register/AetherREIServerPlugin of AetherREIServerPlugin [aether]/" done in 35.28 μs
[14:10:29] [main/TRACE] [REI] [REIServerPlugin START] Reloading Section: "post-register/DefaultRuntimePlugin of DefaultRuntimePlugin [roughlyenoughitems]/"
[14:10:29] [main/TRACE] [REI] [REIServerPlugin START] Reloading Section: "post-register/DefaultRuntimePlugin of DefaultRuntimePlugin [roughlyenoughitems]/" done in 34.28 μs
[14:10:29] [main/TRACE] [REI] [REIServerPlugin START] Reloading Section: "post-register/" done in 396.8 μs
[14:10:29] [main/TRACE] [REI] [REIServerPlugin START] Reloading Section: "post-stage/"
[14:10:29] [main/TRACE] [REI] [REIServerPlugin START] Reloading Section: "post-stage/MenuInfoRegistryImpl/"
[14:10:29] [main/TRACE] [REI] [REIServerPlugin START] Reloading Section: "post-stage/MenuInfoRegistryImpl/" done in 29.02 μs
[14:10:29] [main/TRACE] [REI] [REIServerPlugin START] Reloading Section: "post-stage/SlotAccessorRegistryImpl/"
[14:10:29] [main/TRACE] [REI] [REIServerPlugin START] Reloading Section: "post-stage/SlotAccessorRegistryImpl/" done in 32.62 μs
[14:10:29] [main/TRACE] [REI] [REIServerPlugin START] Reloading Section: "post-stage/" done in 238.9 μs
[14:10:29] [main/DEBUG] [REI] ========================================
[14:10:29] [main/INFO] [REI] REIServerPlugin finished post-reload for START in 767.3 μs, totaling 8.269 ms.
[14:10:29] [main/DEBUG] [REI] ========================================
[14:10:29] [main/DEBUG] [REI] ========================================
[14:10:29] [main/DEBUG] [REI] REIPlugin starting pre-reload for END.
[14:10:29] [main/DEBUG] [REI] Reloadables (7):
[14:10:29] [main/DEBUG] [REI]  - EntryTypeRegistryImpl
[14:10:29] [main/DEBUG] [REI]  - EntrySettingsAdapterRegistryImpl
[14:10:29] [main/DEBUG] [REI]  - RecipeManagerContextImpl
[14:10:29] [main/DEBUG] [REI]  - ItemComparatorRegistryImpl
[14:10:29] [main/DEBUG] [REI]  - FluidComparatorRegistryImpl
[14:10:29] [main/DEBUG] [REI]  - DisplaySerializerRegistryImpl
[14:10:29] [main/DEBUG] [REI]  - FluidSupportProviderImpl
[14:10:29] [main/DEBUG] [REI] Plugins (3):
[14:10:29] [main/DEBUG] [REI]  - (-100.00) DefaultPluginImpl of DefaultPluginImpl [roughlyenoughitems]
[14:10:29] [main/DEBUG] [REI]  - (0.00) DefaultRuntimePlugin of DefaultRuntimePlugin [roughlyenoughitems]
[14:10:29] [main/DEBUG] [REI]  - (0.00) AetherREIServerPlugin of AetherREIServerPlugin [aether]
[14:10:29] [main/DEBUG] [REI] ========================================
[14:10:29] [main/TRACE] [REI] [REIPlugin END] Reloading Section: "pre-register/"
[14:10:29] [main/TRACE] [REI] [REIPlugin END] Reloading Section: "pre-register/DefaultPluginImpl of DefaultPluginImpl [roughlyenoughitems]/"
[14:10:29] [main/TRACE] [REI] [REIPlugin END] Reloading Section: "pre-register/DefaultPluginImpl of DefaultPluginImpl [roughlyenoughitems]/" done in 42.94 μs
[14:10:29] [main/TRACE] [REI] [REIPlugin END] Reloading Section: "pre-register/DefaultRuntimePlugin of DefaultRuntimePlugin [roughlyenoughitems]/"
[14:10:29] [main/TRACE] [REI] [REIPlugin END] Reloading Section: "pre-register/DefaultRuntimePlugin of DefaultRuntimePlugin [roughlyenoughitems]/" done in 39.99 μs
[14:10:29] [main/TRACE] [REI] [REIPlugin END] Reloading Section: "pre-register/AetherREIServerPlugin of AetherREIServerPlugin [aether]/"
[14:10:29] [main/TRACE] [REI] [REIPlugin END] Reloading Section: "pre-register/AetherREIServerPlugin of AetherREIServerPlugin [aether]/" done in 38.52 μs
[14:10:29] [main/TRACE] [REI] [REIPlugin END] Reloading Section: "pre-register/" done in 391.5 μs
[14:10:29] [main/TRACE] [REI] [REIPlugin END] Reloading Section: "pre-stage/"
[14:10:29] [main/TRACE] [REI] [REIPlugin END] Reloading Section: "pre-stage/EntryTypeRegistryImpl/"
[14:10:29] [main/TRACE] [REI] [REIPlugin END] Reloading Section: "pre-stage/EntryTypeRegistryImpl/" done in 31.60 μs
[14:10:29] [main/TRACE] [REI] [REIPlugin END] Reloading Section: "pre-stage/EntrySettingsAdapterRegistryImpl/"
[14:10:29] [main/TRACE] [REI] [REIPlugin END] Reloading Section: "pre-stage/EntrySettingsAdapterRegistryImpl/" done in 30.85 μs
[14:10:29] [main/TRACE] [REI] [REIPlugin END] Reloading Section: "pre-stage/RecipeManagerContextImpl/"
[14:10:29] [main/TRACE] [REI] [REIPlugin END] Reloading Section: "pre-stage/RecipeManagerContextImpl/" done in 36.77 μs
[14:10:29] [main/TRACE] [REI] [REIPlugin END] Reloading Section: "pre-stage/ItemComparatorRegistryImpl/"
[14:10:29] [main/TRACE] [REI] [REIPlugin END] Reloading Section: "pre-stage/ItemComparatorRegistryImpl/" done in 29.52 μs
[14:10:29] [main/TRACE] [REI] [REIPlugin END] Reloading Section: "pre-stage/FluidComparatorRegistryImpl/"
[14:10:29] [main/TRACE] [REI] [REIPlugin END] Reloading Section: "pre-stage/FluidComparatorRegistryImpl/" done in 25.55 μs
[14:10:29] [main/TRACE] [REI] [REIPlugin END] Reloading Section: "pre-stage/DisplaySerializerRegistryImpl/"
[14:10:29] [main/TRACE] [REI] [REIPlugin END] Reloading Section: "pre-stage/DisplaySerializerRegistryImpl/" done in 24.27 μs
[14:10:29] [main/TRACE] [REI] [REIPlugin END] Reloading Section: "pre-stage/FluidSupportProviderImpl/"
[14:10:29] [main/TRACE] [REI] [REIPlugin END] Reloading Section: "pre-stage/FluidSupportProviderImpl/" done in 40.00 μs
[14:10:29] [main/TRACE] [REI] [REIPlugin END] Reloading Section: "pre-stage/" done in 768.2 μs
[14:10:29] [main/DEBUG] [REI] ========================================
[14:10:29] [main/DEBUG] [REI] REIPlugin finished pre-reload for END in 1.274 ms.
[14:10:29] [main/DEBUG] [REI] ========================================
[14:10:29] [main/DEBUG] [REI] ========================================
[14:10:29] [main/DEBUG] [REI] REIServerPlugin starting pre-reload for END.
[14:10:29] [main/DEBUG] [REI] Reloadables (2):
[14:10:29] [main/DEBUG] [REI]  - MenuInfoRegistryImpl
[14:10:29] [main/DEBUG] [REI]  - SlotAccessorRegistryImpl
[14:10:29] [main/DEBUG] [REI] Plugins (3):
[14:10:29] [main/DEBUG] [REI]  - (-100.00) DefaultPluginImpl of DefaultPluginImpl [roughlyenoughitems]
[14:10:29] [main/DEBUG] [REI]  - (0.00) AetherREIServerPlugin of AetherREIServerPlugin [aether]
[14:10:29] [main/DEBUG] [REI]  - (0.00) DefaultRuntimePlugin of DefaultRuntimePlugin [roughlyenoughitems]
[14:10:29] [main/DEBUG] [REI] ========================================
[14:10:29] [main/TRACE] [REI] [REIServerPlugin END] Reloading Section: "pre-register/"
[14:10:29] [main/TRACE] [REI] [REIServerPlugin END] Reloading Section: "pre-register/DefaultPluginImpl of DefaultPluginImpl [roughlyenoughitems]/"
[14:10:29] [main/TRACE] [REI] [REIServerPlugin END] Reloading Section: "pre-register/DefaultPluginImpl of DefaultPluginImpl [roughlyenoughitems]/" done in 32.40 μs
[14:10:29] [main/TRACE] [REI] [REIServerPlugin END] Reloading Section: "pre-register/AetherREIServerPlugin of AetherREIServerPlugin [aether]/"
[14:10:29] [main/TRACE] [REI] [REIServerPlugin END] Reloading Section: "pre-register/AetherREIServerPlugin of AetherREIServerPlugin [aether]/" done in 38.53 μs
[14:10:29] [main/TRACE] [REI] [REIServerPlugin END] Reloading Section: "pre-register/DefaultRuntimePlugin of DefaultRuntimePlugin [roughlyenoughitems]/"
[14:10:29] [main/TRACE] [REI] [REIServerPlugin END] Reloading Section: "pre-register/DefaultRuntimePlugin of DefaultRuntimePlugin [roughlyenoughitems]/" done in 44.27 μs
[14:10:29] [main/TRACE] [REI] [REIServerPlugin END] Reloading Section: "pre-register/" done in 398.7 μs
[14:10:29] [main/TRACE] [REI] [REIServerPlugin END] Reloading Section: "pre-stage/"
[14:10:29] [main/TRACE] [REI] [REIServerPlugin END] Reloading Section: "pre-stage/MenuInfoRegistryImpl/"
[14:10:29] [main/TRACE] [REI] [REIServerPlugin END] Reloading Section: "pre-stage/MenuInfoRegistryImpl/" done in 32.62 μs
[14:10:29] [main/TRACE] [REI] [REIServerPlugin END] Reloading Section: "pre-stage/SlotAccessorRegistryImpl/"
[14:10:29] [main/TRACE] [REI] [REIServerPlugin END] Reloading Section: "pre-stage/SlotAccessorRegistryImpl/" done in 43.79 μs
[14:10:29] [main/TRACE] [REI] [REIServerPlugin END] Reloading Section: "pre-stage/" done in 214.3 μs
[14:10:29] [main/DEBUG] [REI] ========================================
[14:10:29] [main/DEBUG] [REI] REIServerPlugin finished pre-reload for END in 726.7 μs.
[14:10:29] [main/DEBUG] [REI] ========================================
[14:10:29] [main/INFO] [REI] ++++++++++++++++++++++++++++++++++++++++
[14:10:29] [main/INFO] [REI] REIPlugin starting main-reload for END.
[14:10:29] [main/DEBUG] [REI] Reloadables (7):
[14:10:29] [main/DEBUG] [REI]  - EntryTypeRegistryImpl
[14:10:29] [main/DEBUG] [REI]  - EntrySettingsAdapterRegistryImpl
[14:10:29] [main/DEBUG] [REI]  - RecipeManagerContextImpl
[14:10:29] [main/DEBUG] [REI]  - ItemComparatorRegistryImpl
[14:10:29] [main/DEBUG] [REI]  - FluidComparatorRegistryImpl
[14:10:29] [main/DEBUG] [REI]  - DisplaySerializerRegistryImpl
[14:10:29] [main/DEBUG] [REI]  - FluidSupportProviderImpl
[14:10:29] [main/INFO] [REI] Plugins (3):
[14:10:29] [main/INFO] [REI]  - (-100.00) DefaultPluginImpl of DefaultPluginImpl [roughlyenoughitems]
[14:10:29] [main/INFO] [REI]  - (0.00) DefaultRuntimePlugin of DefaultRuntimePlugin [roughlyenoughitems]
[14:10:29] [main/INFO] [REI]  - (0.00) AetherREIServerPlugin of AetherREIServerPlugin [aether]
[14:10:29] [main/INFO] [REI] ++++++++++++++++++++++++++++++++++++++++
[14:10:29] [main/TRACE] [REI] [REIPlugin END] Reloading Section: "start-reload/"
[14:10:29] [main/TRACE] [REI] [REIPlugin END] Reloading Section: "start-reload/EntryTypeRegistryImpl/"
[14:10:29] [main/TRACE] [REI] [REIPlugin END] Reloading Section: "start-reload/EntryTypeRegistryImpl/" done in 22.11 μs
[14:10:29] [main/TRACE] [REI] [REIPlugin END] Reloading Section: "start-reload/EntrySettingsAdapterRegistryImpl/"
[14:10:29] [main/TRACE] [REI] [REIPlugin END] Reloading Section: "start-reload/EntrySettingsAdapterRegistryImpl/" done in 53.79 μs
[14:10:29] [main/TRACE] [REI] [REIPlugin END] Reloading Section: "start-reload/RecipeManagerContextImpl/"
[14:10:29] [main/TRACE] [REI] [REIPlugin END] Reloading Section: "start-reload/RecipeManagerContextImpl/" done in 29.36 μs
[14:10:29] [main/TRACE] [REI] [REIPlugin END] Reloading Section: "start-reload/ItemComparatorRegistryImpl/"
[14:10:29] [main/TRACE] [REI] [REIPlugin END] Reloading Section: "start-reload/ItemComparatorRegistryImpl/" done in 26.30 μs
[14:10:29] [main/TRACE] [REI] [REIPlugin END] Reloading Section: "start-reload/FluidComparatorRegistryImpl/"
[14:10:29] [main/TRACE] [REI] [REIPlugin END] Reloading Section: "start-reload/FluidComparatorRegistryImpl/" done in 22.13 μs
[14:10:29] [main/TRACE] [REI] [REIPlugin END] Reloading Section: "start-reload/DisplaySerializerRegistryImpl/"
[14:10:29] [main/TRACE] [REI] [REIPlugin END] Reloading Section: "start-reload/DisplaySerializerRegistryImpl/" done in 32.84 μs
[14:10:29] [main/TRACE] [REI] [REIPlugin END] Reloading Section: "start-reload/FluidSupportProviderImpl/"
[14:10:29] [main/TRACE] [REI] [REIPlugin END] Reloading Section: "start-reload/FluidSupportProviderImpl/" done in 26.58 μs
[14:10:29] [main/TRACE] [REI] [REIPlugin END] Reloading Section: "start-reload/" done in 722.3 μs
[14:10:29] [main/DEBUG] [REI] ========================================
[14:10:29] [main/DEBUG] [REI] REIPlugin started main-reload for END.
[14:10:29] [main/DEBUG] [REI] ========================================
[14:10:29] [main/TRACE] [REI] [REIPlugin END] Reloading Section: "reloadable-plugin/EntryTypeRegistryImpl/"
[14:10:29] [main/TRACE] [REI] [REIPlugin END] Reloading Section: "reloadable-plugin/EntryTypeRegistryImpl/DefaultPluginImpl of DefaultPluginImpl [roughlyenoughitems]/"
[14:10:29] [main/TRACE] [REI] [REIPlugin END] Reloading Section: "reloadable-plugin/EntryTypeRegistryImpl/DefaultPluginImpl of DefaultPluginImpl [roughlyenoughitems]/" done in 31.53 μs
[14:10:29] [main/TRACE] [REI] [REIPlugin END] Reloading Section: "reloadable-plugin/EntryTypeRegistryImpl/DefaultRuntimePlugin of DefaultRuntimePlugin [roughlyenoughitems]/"
[14:10:29] [main/TRACE] [REI] [REIPlugin END] Reloading Section: "reloadable-plugin/EntryTypeRegistryImpl/DefaultRuntimePlugin of DefaultRuntimePlugin [roughlyenoughitems]/" done in 29.12 μs
[14:10:29] [main/TRACE] [REI] [REIPlugin END] Reloading Section: "reloadable-plugin/EntryTypeRegistryImpl/AetherREIServerPlugin of AetherREIServerPlugin [aether]/"
[14:10:29] [main/TRACE] [REI] [REIPlugin END] Reloading Section: "reloadable-plugin/EntryTypeRegistryImpl/AetherREIServerPlugin of AetherREIServerPlugin [aether]/" done in 31.49 μs
[14:10:29] [main/TRACE] [REI] [REIPlugin END] Reloading Section: "reloadable-plugin/EntryTypeRegistryImpl/" done in 338.0 μs
[14:10:29] [main/TRACE] [REI] [REIPlugin END] Reloading Section: "reloadable-plugin/EntrySettingsAdapterRegistryImpl/"
[14:10:29] [main/TRACE] [REI] [REIPlugin END] Reloading Section: "reloadable-plugin/EntrySettingsAdapterRegistryImpl/DefaultPluginImpl of DefaultPluginImpl [roughlyenoughitems]/"
[14:10:29] [main/TRACE] [REI] [REIPlugin END] Reloading Section: "reloadable-plugin/EntrySettingsAdapterRegistryImpl/DefaultPluginImpl of DefaultPluginImpl [roughlyenoughitems]/" done in 47.28 μs
[14:10:29] [main/TRACE] [REI] [REIPlugin END] Reloading Section: "reloadable-plugin/EntrySettingsAdapterRegistryImpl/DefaultRuntimePlugin of DefaultRuntimePlugin [roughlyenoughitems]/"
[14:10:29] [main/TRACE] [REI] [REIPlugin END] Reloading Section: "reloadable-plugin/EntrySettingsAdapterRegistryImpl/DefaultRuntimePlugin of DefaultRuntimePlugin [roughlyenoughitems]/" done in 36.91 μs
[14:10:29] [main/TRACE] [REI] [REIPlugin END] Reloading Section: "reloadable-plugin/EntrySettingsAdapterRegistryImpl/AetherREIServerPlugin of AetherREIServerPlugin [aether]/"
[14:10:29] [main/TRACE] [REI] [REIPlugin END] Reloading Section: "reloadable-plugin/EntrySettingsAdapterRegistryImpl/AetherREIServerPlugin of AetherREIServerPlugin [aether]/" done in 31.29 μs
[14:10:29] [main/TRACE] [REI] [REIPlugin END] Reloading Section: "reloadable-plugin/EntrySettingsAdapterRegistryImpl/" done in 403.9 μs
[14:10:29] [main/TRACE] [REI] [REIPlugin END] Reloading Section: "reloadable-plugin/RecipeManagerContextImpl/"
[14:10:29] [main/TRACE] [REI] [REIPlugin END] Reloading Section: "reloadable-plugin/RecipeManagerContextImpl/DefaultPluginImpl of DefaultPluginImpl [roughlyenoughitems]/"
[14:10:29] [main/TRACE] [REI] [REIPlugin END] Reloading Section: "reloadable-plugin/RecipeManagerContextImpl/DefaultPluginImpl of DefaultPluginImpl [roughlyenoughitems]/" done in 39.44 μs
[14:10:29] [main/TRACE] [REI] [REIPlugin END] Reloading Section: "reloadable-plugin/RecipeManagerContextImpl/DefaultRuntimePlugin of DefaultRuntimePlugin [roughlyenoughitems]/"
[14:10:29] [main/TRACE] [REI] [REIPlugin END] Reloading Section: "reloadable-plugin/RecipeManagerContextImpl/DefaultRuntimePlugin of DefaultRuntimePlugin [roughlyenoughitems]/" done in 42.20 μs
[14:10:29] [main/TRACE] [REI] [REIPlugin END] Reloading Section: "reloadable-plugin/RecipeManagerContextImpl/AetherREIServerPlugin of AetherREIServerPlugin [aether]/"
[14:10:29] [main/TRACE] [REI] [REIPlugin END] Reloading Section: "reloadable-plugin/RecipeManagerContextImpl/AetherREIServerPlugin of AetherREIServerPlugin [aether]/" done in 34.19 μs
[14:10:29] [main/TRACE] [REI] [REIPlugin END] Reloading Section: "reloadable-plugin/RecipeManagerContextImpl/" done in 361.3 μs
[14:10:29] [main/TRACE] [REI] [REIPlugin END] Reloading Section: "reloadable-plugin/ItemComparatorRegistryImpl/"
[14:10:29] [main/TRACE] [REI] [REIPlugin END] Reloading Section: "reloadable-plugin/ItemComparatorRegistryImpl/DefaultPluginImpl of DefaultPluginImpl [roughlyenoughitems]/"
[14:10:29] [main/TRACE] [REI] [REIPlugin END] Reloading Section: "reloadable-plugin/ItemComparatorRegistryImpl/DefaultPluginImpl of DefaultPluginImpl [roughlyenoughitems]/" done in 30.76 μs
[14:10:29] [main/TRACE] [REI] [REIPlugin END] Reloading Section: "reloadable-plugin/ItemComparatorRegistryImpl/DefaultRuntimePlugin of DefaultRuntimePlugin [roughlyenoughitems]/"
[14:10:29] [main/TRACE] [REI] [REIPlugin END] Reloading Section: "reloadable-plugin/ItemComparatorRegistryImpl/DefaultRuntimePlugin of DefaultRuntimePlugin [roughlyenoughitems]/" done in 33.29 μs
[14:10:29] [main/TRACE] [REI] [REIPlugin END] Reloading Section: "reloadable-plugin/ItemComparatorRegistryImpl/AetherREIServerPlugin of AetherREIServerPlugin [aether]/"
[14:10:29] [main/TRACE] [REI] [REIPlugin END] Reloading Section: "reloadable-plugin/ItemComparatorRegistryImpl/AetherREIServerPlugin of AetherREIServerPlugin [aether]/" done in 33.24 μs
[14:10:29] [main/TRACE] [REI] [REIPlugin END] Reloading Section: "reloadable-plugin/ItemComparatorRegistryImpl/" done in 381.9 μs
[14:10:29] [main/TRACE] [REI] [REIPlugin END] Reloading Section: "reloadable-plugin/FluidComparatorRegistryImpl/"
[14:10:29] [main/TRACE] [REI] [REIPlugin END] Reloading Section: "reloadable-plugin/FluidComparatorRegistryImpl/DefaultPluginImpl of DefaultPluginImpl [roughlyenoughitems]/"
[14:10:29] [main/TRACE] [REI] [REIPlugin END] Reloading Section: "reloadable-plugin/FluidComparatorRegistryImpl/DefaultPluginImpl of DefaultPluginImpl [roughlyenoughitems]/" done in 30.18 μs
[14:10:29] [main/TRACE] [REI] [REIPlugin END] Reloading Section: "reloadable-plugin/FluidComparatorRegistryImpl/DefaultRuntimePlugin of DefaultRuntimePlugin [roughlyenoughitems]/"
[14:10:29] [main/TRACE] [REI] [REIPlugin END] Reloading Section: "reloadable-plugin/FluidComparatorRegistryImpl/DefaultRuntimePlugin of DefaultRuntimePlugin [roughlyenoughitems]/" done in 38.18 μs
[14:10:29] [main/TRACE] [REI] [REIPlugin END] Reloading Section: "reloadable-plugin/FluidComparatorRegistryImpl/AetherREIServerPlugin of AetherREIServerPlugin [aether]/"
[14:10:29] [main/TRACE] [REI] [REIPlugin END] Reloading Section: "reloadable-plugin/FluidComparatorRegistryImpl/AetherREIServerPlugin of AetherREIServerPlugin [aether]/" done in 34.73 μs
[14:10:29] [main/TRACE] [REI] [REIPlugin END] Reloading Section: "reloadable-plugin/FluidComparatorRegistryImpl/" done in 342.9 μs
[14:10:29] [main/TRACE] [REI] [REIPlugin END] Reloading Section: "reloadable-plugin/DisplaySerializerRegistryImpl/"
[14:10:29] [main/TRACE] [REI] [REIPlugin END] Reloading Section: "reloadable-plugin/DisplaySerializerRegistryImpl/DefaultPluginImpl of DefaultPluginImpl [roughlyenoughitems]/"
[14:10:29] [main/TRACE] [REI] [REIPlugin END] Reloading Section: "reloadable-plugin/DisplaySerializerRegistryImpl/DefaultPluginImpl of DefaultPluginImpl [roughlyenoughitems]/" done in 24.90 ms
[14:10:29] [main/TRACE] [REI] [REIPlugin END] Reloading Section: "reloadable-plugin/DisplaySerializerRegistryImpl/DefaultRuntimePlugin of DefaultRuntimePlugin [roughlyenoughitems]/"
[14:10:29] [main/TRACE] [REI] [REIPlugin END] Reloading Section: "reloadable-plugin/DisplaySerializerRegistryImpl/DefaultRuntimePlugin of DefaultRuntimePlugin [roughlyenoughitems]/" done in 46.65 μs
[14:10:29] [main/TRACE] [REI] [REIPlugin END] Reloading Section: "reloadable-plugin/DisplaySerializerRegistryImpl/AetherREIServerPlugin of AetherREIServerPlugin [aether]/"
[14:10:29] [main/TRACE] [REI] [REIPlugin END] Reloading Section: "reloadable-plugin/DisplaySerializerRegistryImpl/AetherREIServerPlugin of AetherREIServerPlugin [aether]/" done in 1.126 ms
[14:10:29] [main/TRACE] [REI] [REIPlugin END] Reloading Section: "reloadable-plugin/DisplaySerializerRegistryImpl/" done in 26.51 ms
[14:10:29] [main/TRACE] [REI] [REIPlugin END] Reloading Section: "reloadable-plugin/FluidSupportProviderImpl/"
[14:10:29] [main/TRACE] [REI] [REIPlugin END] Reloading Section: "reloadable-plugin/FluidSupportProviderImpl/DefaultPluginImpl of DefaultPluginImpl [roughlyenoughitems]/"
[14:10:29] [main/TRACE] [REI] [REIPlugin END] Reloading Section: "reloadable-plugin/FluidSupportProviderImpl/DefaultPluginImpl of DefaultPluginImpl [roughlyenoughitems]/" done in 36.39 μs
[14:10:29] [main/TRACE] [REI] [REIPlugin END] Reloading Section: "reloadable-plugin/FluidSupportProviderImpl/DefaultRuntimePlugin of DefaultRuntimePlugin [roughlyenoughitems]/"
[14:10:29] [main/TRACE] [REI] [REIPlugin END] Reloading Section: "reloadable-plugin/FluidSupportProviderImpl/DefaultRuntimePlugin of DefaultRuntimePlugin [roughlyenoughitems]/" done in 40.16 μs
[14:10:29] [main/TRACE] [REI] [REIPlugin END] Reloading Section: "reloadable-plugin/FluidSupportProviderImpl/AetherREIServerPlugin of AetherREIServerPlugin [aether]/"
[14:10:29] [main/TRACE] [REI] [REIPlugin END] Reloading Section: "reloadable-plugin/FluidSupportProviderImpl/AetherREIServerPlugin of AetherREIServerPlugin [aether]/" done in 36.80 μs
[14:10:29] [main/TRACE] [REI] [REIPlugin END] Reloading Section: "reloadable-plugin/FluidSupportProviderImpl/" done in 371.7 μs
[14:10:29] [main/DEBUG] [REI] ========================================
[14:10:29] [main/DEBUG] [REI] REIPlugin ending main-reload for END.
[14:10:29] [main/DEBUG] [REI] ========================================
[14:10:29] [main/TRACE] [REI] [REIPlugin END] Reloading Section: "end-reload/"
[14:10:29] [main/TRACE] [REI] [REIPlugin END] Reloading Section: "end-reload/EntryTypeRegistryImpl/"
[14:10:29] [main/TRACE] [REI] [REIPlugin END] Reloading Section: "end-reload/EntryTypeRegistryImpl/" done in 23.30 μs
[14:10:29] [main/TRACE] [REI] [REIPlugin END] Reloading Section: "end-reload/EntrySettingsAdapterRegistryImpl/"
[14:10:29] [main/TRACE] [REI] [REIPlugin END] Reloading Section: "end-reload/EntrySettingsAdapterRegistryImpl/" done in 28.42 μs
[14:10:29] [main/TRACE] [REI] [REIPlugin END] Reloading Section: "end-reload/RecipeManagerContextImpl/"
[14:10:29] [main/TRACE] [REI] [REIPlugin END] Reloading Section: "end-reload/RecipeManagerContextImpl/" done in 36.60 μs
[14:10:29] [main/TRACE] [REI] [REIPlugin END] Reloading Section: "end-reload/ItemComparatorRegistryImpl/"
[14:10:29] [main/TRACE] [REI] [REIPlugin END] Reloading Section: "end-reload/ItemComparatorRegistryImpl/" done in 18.41 μs
[14:10:29] [main/TRACE] [REI] [REIPlugin END] Reloading Section: "end-reload/FluidComparatorRegistryImpl/"
[14:10:29] [main/TRACE] [REI] [REIPlugin END] Reloading Section: "end-reload/FluidComparatorRegistryImpl/" done in 16.87 μs
[14:10:29] [main/TRACE] [REI] [REIPlugin END] Reloading Section: "end-reload/DisplaySerializerRegistryImpl/"
[14:10:29] [main/TRACE] [REI] [REIPlugin END] Reloading Section: "end-reload/DisplaySerializerRegistryImpl/" done in 16.61 μs
[14:10:29] [main/TRACE] [REI] [REIPlugin END] Reloading Section: "end-reload/FluidSupportProviderImpl/"
[14:10:29] [main/TRACE] [REI] [REIPlugin END] Reloading Section: "end-reload/FluidSupportProviderImpl/" done in 24.03 μs
[14:10:29] [main/TRACE] [REI] [REIPlugin END] Reloading Section: "end-reload/" done in 546.7 μs
[14:10:29] [main/DEBUG] [REI] ========================================
[14:10:29] [main/DEBUG] [REI] REIPlugin ended main-reload for END in 32.07 ms.
[14:10:29] [main/DEBUG] [REI] ========================================
[14:10:29] [main/INFO] [REI] @@@@@@@@@@@@@@@@@@@@@@@@@@@@@@@@@@@@@@@@
[14:10:29] [main/INFO] [REI] REIServerPlugin starting main-reload for END.
[14:10:29] [main/DEBUG] [REI] Reloadables (2):
[14:10:29] [main/DEBUG] [REI]  - MenuInfoRegistryImpl
[14:10:29] [main/DEBUG] [REI]  - SlotAccessorRegistryImpl
[14:10:29] [main/INFO] [REI] Plugins (3):
[14:10:29] [main/INFO] [REI]  - (-100.00) DefaultPluginImpl of DefaultPluginImpl [roughlyenoughitems]
[14:10:29] [main/INFO] [REI]  - (0.00) AetherREIServerPlugin of AetherREIServerPlugin [aether]
[14:10:29] [main/INFO] [REI]  - (0.00) DefaultRuntimePlugin of DefaultRuntimePlugin [roughlyenoughitems]
[14:10:29] [main/INFO] [REI] @@@@@@@@@@@@@@@@@@@@@@@@@@@@@@@@@@@@@@@@
[14:10:29] [main/TRACE] [REI] [REIServerPlugin END] Reloading Section: "start-reload/"
[14:10:29] [main/TRACE] [REI] [REIServerPlugin END] Reloading Section: "start-reload/MenuInfoRegistryImpl/"
[14:10:29] [main/TRACE] [REI] [REIServerPlugin END] Reloading Section: "start-reload/MenuInfoRegistryImpl/" done in 51.97 μs
[14:10:29] [main/TRACE] [REI] [REIServerPlugin END] Reloading Section: "start-reload/SlotAccessorRegistryImpl/"
[14:10:29] [main/TRACE] [REI] [REIServerPlugin END] Reloading Section: "start-reload/SlotAccessorRegistryImpl/" done in 37.95 μs
[14:10:29] [main/TRACE] [REI] [REIServerPlugin END] Reloading Section: "start-reload/" done in 259.9 μs
[14:10:29] [main/DEBUG] [REI] ========================================
[14:10:29] [main/DEBUG] [REI] REIServerPlugin started main-reload for END.
[14:10:29] [main/DEBUG] [REI] ========================================
[14:10:29] [main/TRACE] [REI] [REIServerPlugin END] Reloading Section: "reloadable-plugin/MenuInfoRegistryImpl/"
[14:10:29] [main/TRACE] [REI] [REIServerPlugin END] Reloading Section: "reloadable-plugin/MenuInfoRegistryImpl/DefaultPluginImpl of DefaultPluginImpl [roughlyenoughitems]/"
[14:10:29] [main/TRACE] [REI] [REIServerPlugin END] Reloading Section: "reloadable-plugin/MenuInfoRegistryImpl/DefaultPluginImpl of DefaultPluginImpl [roughlyenoughitems]/" done in 47.43 μs
[14:10:29] [main/TRACE] [REI] [REIServerPlugin END] Reloading Section: "reloadable-plugin/MenuInfoRegistryImpl/AetherREIServerPlugin of AetherREIServerPlugin [aether]/"
[14:10:29] [main/TRACE] [REI] [REIServerPlugin END] Reloading Section: "reloadable-plugin/MenuInfoRegistryImpl/AetherREIServerPlugin of AetherREIServerPlugin [aether]/" done in 36.83 μs
[14:10:29] [main/TRACE] [REI] [REIServerPlugin END] Reloading Section: "reloadable-plugin/MenuInfoRegistryImpl/DefaultRuntimePlugin of DefaultRuntimePlugin [roughlyenoughitems]/"
[14:10:29] [main/TRACE] [REI] [REIServerPlugin END] Reloading Section: "reloadable-plugin/MenuInfoRegistryImpl/DefaultRuntimePlugin of DefaultRuntimePlugin [roughlyenoughitems]/" done in 25.23 μs
[14:10:29] [main/TRACE] [REI] [REIServerPlugin END] Reloading Section: "reloadable-plugin/MenuInfoRegistryImpl/" done in 371.1 μs
[14:10:29] [main/TRACE] [REI] [REIServerPlugin END] Reloading Section: "reloadable-plugin/SlotAccessorRegistryImpl/"
[14:10:29] [main/TRACE] [REI] [REIServerPlugin END] Reloading Section: "reloadable-plugin/SlotAccessorRegistryImpl/DefaultPluginImpl of DefaultPluginImpl [roughlyenoughitems]/"
[14:10:29] [main/TRACE] [REI] [REIServerPlugin END] Reloading Section: "reloadable-plugin/SlotAccessorRegistryImpl/DefaultPluginImpl of DefaultPluginImpl [roughlyenoughitems]/" done in 35.80 μs
[14:10:29] [main/TRACE] [REI] [REIServerPlugin END] Reloading Section: "reloadable-plugin/SlotAccessorRegistryImpl/AetherREIServerPlugin of AetherREIServerPlugin [aether]/"
[14:10:29] [main/TRACE] [REI] [REIServerPlugin END] Reloading Section: "reloadable-plugin/SlotAccessorRegistryImpl/AetherREIServerPlugin of AetherREIServerPlugin [aether]/" done in 33.78 μs
[14:10:29] [main/TRACE] [REI] [REIServerPlugin END] Reloading Section: "reloadable-plugin/SlotAccessorRegistryImpl/DefaultRuntimePlugin of DefaultRuntimePlugin [roughlyenoughitems]/"
[14:10:29] [main/DEBUG] [REI] Added slot accessor serializer: me.shedaniel.rei.plugin.common.runtime.DefaultRuntimePlugin$1@4c94eb74 [roughlyenoughitems:vanilla]
[14:10:29] [main/DEBUG] [REI] Added slot accessor serializer: me.shedaniel.rei.plugin.common.runtime.DefaultRuntimePlugin$2@5b817888 [roughlyenoughitems:player]
[14:10:29] [main/TRACE] [REI] [REIServerPlugin END] Reloading Section: "reloadable-plugin/SlotAccessorRegistryImpl/DefaultRuntimePlugin of DefaultRuntimePlugin [roughlyenoughitems]/" done in 2.273 ms
[14:10:29] [main/TRACE] [REI] [REIServerPlugin END] Reloading Section: "reloadable-plugin/SlotAccessorRegistryImpl/" done in 2.680 ms
[14:10:29] [main/DEBUG] [REI] ========================================
[14:10:29] [main/DEBUG] [REI] REIServerPlugin ending main-reload for END.
[14:10:29] [main/DEBUG] [REI] ========================================
[14:10:29] [main/TRACE] [REI] [REIServerPlugin END] Reloading Section: "end-reload/"
[14:10:29] [main/TRACE] [REI] [REIServerPlugin END] Reloading Section: "end-reload/MenuInfoRegistryImpl/"
[14:10:29] [main/DEBUG] [REI] Registered 0 menu infos
[14:10:29] [main/TRACE] [REI] [REIServerPlugin END] Reloading Section: "end-reload/MenuInfoRegistryImpl/" done in 98.19 μs
[14:10:29] [main/TRACE] [REI] [REIServerPlugin END] Reloading Section: "end-reload/SlotAccessorRegistryImpl/"
[14:10:29] [main/DEBUG] [REI] Registered 2 slot accessor serializers
[14:10:29] [main/TRACE] [REI] [REIServerPlugin END] Reloading Section: "end-reload/SlotAccessorRegistryImpl/" done in 210.3 μs
[14:10:29] [main/TRACE] [REI] [REIServerPlugin END] Reloading Section: "end-reload/" done in 468.0 μs
[14:10:29] [main/DEBUG] [REI] ========================================
[14:10:29] [main/DEBUG] [REI] REIServerPlugin ended main-reload for END in 5.600 ms.
[14:10:29] [main/DEBUG] [REI] ========================================
[14:10:29] [main/DEBUG] [REI] ========================================
[14:10:29] [main/DEBUG] [REI] REIPlugin starting post-reload for END.
[14:10:29] [main/DEBUG] [REI] Reloadables (7):
[14:10:29] [main/DEBUG] [REI]  - EntryTypeRegistryImpl
[14:10:29] [main/DEBUG] [REI]  - EntrySettingsAdapterRegistryImpl
[14:10:29] [main/DEBUG] [REI]  - RecipeManagerContextImpl
[14:10:29] [main/DEBUG] [REI]  - ItemComparatorRegistryImpl
[14:10:29] [main/DEBUG] [REI]  - FluidComparatorRegistryImpl
[14:10:29] [main/DEBUG] [REI]  - DisplaySerializerRegistryImpl
[14:10:29] [main/DEBUG] [REI]  - FluidSupportProviderImpl
[14:10:29] [main/DEBUG] [REI] Plugins (3):
[14:10:29] [main/DEBUG] [REI]  - (-100.00) DefaultPluginImpl of DefaultPluginImpl [roughlyenoughitems]
[14:10:29] [main/DEBUG] [REI]  - (0.00) DefaultRuntimePlugin of DefaultRuntimePlugin [roughlyenoughitems]
[14:10:29] [main/DEBUG] [REI]  - (0.00) AetherREIServerPlugin of AetherREIServerPlugin [aether]
[14:10:29] [main/DEBUG] [REI] ========================================
[14:10:29] [main/TRACE] [REI] [REIPlugin END] Reloading Section: "post-register/"
[14:10:29] [main/TRACE] [REI] [REIPlugin END] Reloading Section: "post-register/DefaultPluginImpl of DefaultPluginImpl [roughlyenoughitems]/"
[14:10:29] [main/TRACE] [REI] [REIPlugin END] Reloading Section: "post-register/DefaultPluginImpl of DefaultPluginImpl [roughlyenoughitems]/" done in 21.35 μs
[14:10:29] [main/TRACE] [REI] [REIPlugin END] Reloading Section: "post-register/DefaultRuntimePlugin of DefaultRuntimePlugin [roughlyenoughitems]/"
[14:10:29] [main/TRACE] [REI] [REIPlugin END] Reloading Section: "post-register/DefaultRuntimePlugin of DefaultRuntimePlugin [roughlyenoughitems]/" done in 20.96 μs
[14:10:29] [main/TRACE] [REI] [REIPlugin END] Reloading Section: "post-register/AetherREIServerPlugin of AetherREIServerPlugin [aether]/"
[14:10:29] [main/TRACE] [REI] [REIPlugin END] Reloading Section: "post-register/AetherREIServerPlugin of AetherREIServerPlugin [aether]/" done in 18.82 μs
[14:10:29] [main/TRACE] [REI] [REIPlugin END] Reloading Section: "post-register/" done in 225.7 μs
[14:10:29] [main/TRACE] [REI] [REIPlugin END] Reloading Section: "post-stage/"
[14:10:29] [main/TRACE] [REI] [REIPlugin END] Reloading Section: "post-stage/EntryTypeRegistryImpl/"
[14:10:29] [main/TRACE] [REI] [REIPlugin END] Reloading Section: "post-stage/EntryTypeRegistryImpl/" done in 28.17 μs
[14:10:29] [main/TRACE] [REI] [REIPlugin END] Reloading Section: "post-stage/EntrySettingsAdapterRegistryImpl/"
[14:10:29] [main/TRACE] [REI] [REIPlugin END] Reloading Section: "post-stage/EntrySettingsAdapterRegistryImpl/" done in 16.35 μs
[14:10:29] [main/TRACE] [REI] [REIPlugin END] Reloading Section: "post-stage/RecipeManagerContextImpl/"
[14:10:29] [main/TRACE] [REI] [REIPlugin END] Reloading Section: "post-stage/RecipeManagerContextImpl/" done in 16.50 μs
[14:10:29] [main/TRACE] [REI] [REIPlugin END] Reloading Section: "post-stage/ItemComparatorRegistryImpl/"
[14:10:29] [main/TRACE] [REI] [REIPlugin END] Reloading Section: "post-stage/ItemComparatorRegistryImpl/" done in 42.62 μs
[14:10:29] [main/TRACE] [REI] [REIPlugin END] Reloading Section: "post-stage/FluidComparatorRegistryImpl/"
[14:10:29] [main/TRACE] [REI] [REIPlugin END] Reloading Section: "post-stage/FluidComparatorRegistryImpl/" done in 28.45 μs
[14:10:29] [main/TRACE] [REI] [REIPlugin END] Reloading Section: "post-stage/DisplaySerializerRegistryImpl/"
[14:10:29] [main/TRACE] [REI] [REIPlugin END] Reloading Section: "post-stage/DisplaySerializerRegistryImpl/" done in 19.70 μs
[14:10:29] [main/TRACE] [REI] [REIPlugin END] Reloading Section: "post-stage/FluidSupportProviderImpl/"
[14:10:29] [main/TRACE] [REI] [REIPlugin END] Reloading Section: "post-stage/FluidSupportProviderImpl/" done in 18.33 μs
[14:10:29] [main/TRACE] [REI] [REIPlugin END] Reloading Section: "post-stage/" done in 562.3 μs
[14:10:29] [main/DEBUG] [REI] ========================================
[14:10:29] [main/INFO] [REI] REIPlugin finished post-reload for END in 902.3 μs, totaling 34.22 ms.
[14:10:29] [main/DEBUG] [REI] ========================================
[14:10:29] [main/DEBUG] [REI] ========================================
[14:10:29] [main/DEBUG] [REI] REIServerPlugin starting post-reload for END.
[14:10:29] [main/DEBUG] [REI] Reloadables (2):
[14:10:29] [main/DEBUG] [REI]  - MenuInfoRegistryImpl
[14:10:29] [main/DEBUG] [REI]  - SlotAccessorRegistryImpl
[14:10:29] [main/DEBUG] [REI] Plugins (3):
[14:10:29] [main/DEBUG] [REI]  - (-100.00) DefaultPluginImpl of DefaultPluginImpl [roughlyenoughitems]
[14:10:29] [main/DEBUG] [REI]  - (0.00) AetherREIServerPlugin of AetherREIServerPlugin [aether]
[14:10:29] [main/DEBUG] [REI]  - (0.00) DefaultRuntimePlugin of DefaultRuntimePlugin [roughlyenoughitems]
[14:10:29] [main/DEBUG] [REI] ========================================
[14:10:29] [main/TRACE] [REI] [REIServerPlugin END] Reloading Section: "post-register/"
[14:10:29] [main/TRACE] [REI] [REIServerPlugin END] Reloading Section: "post-register/DefaultPluginImpl of DefaultPluginImpl [roughlyenoughitems]/"
[14:10:29] [main/TRACE] [REI] [REIServerPlugin END] Reloading Section: "post-register/DefaultPluginImpl of DefaultPluginImpl [roughlyenoughitems]/" done in 28.22 μs
[14:10:29] [main/TRACE] [REI] [REIServerPlugin END] Reloading Section: "post-register/AetherREIServerPlugin of AetherREIServerPlugin [aether]/"
[14:10:29] [main/TRACE] [REI] [REIServerPlugin END] Reloading Section: "post-register/AetherREIServerPlugin of AetherREIServerPlugin [aether]/" done in 24.56 μs
[14:10:29] [main/TRACE] [REI] [REIServerPlugin END] Reloading Section: "post-register/DefaultRuntimePlugin of DefaultRuntimePlugin [roughlyenoughitems]/"
[14:10:29] [main/TRACE] [REI] [REIServerPlugin END] Reloading Section: "post-register/DefaultRuntimePlugin of DefaultRuntimePlugin [roughlyenoughitems]/" done in 24.11 μs
[14:10:29] [main/TRACE] [REI] [REIServerPlugin END] Reloading Section: "post-register/" done in 283.5 μs
[14:10:29] [main/TRACE] [REI] [REIServerPlugin END] Reloading Section: "post-stage/"
[14:10:29] [main/TRACE] [REI] [REIServerPlugin END] Reloading Section: "post-stage/MenuInfoRegistryImpl/"
[14:10:29] [main/TRACE] [REI] [REIServerPlugin END] Reloading Section: "post-stage/MenuInfoRegistryImpl/" done in 21.51 μs
[14:10:29] [main/TRACE] [REI] [REIServerPlugin END] Reloading Section: "post-stage/SlotAccessorRegistryImpl/"
[14:10:29] [main/TRACE] [REI] [REIServerPlugin END] Reloading Section: "post-stage/SlotAccessorRegistryImpl/" done in 20.55 μs
[14:10:29] [main/TRACE] [REI] [REIServerPlugin END] Reloading Section: "post-stage/" done in 166.7 μs
[14:10:29] [main/DEBUG] [REI] ========================================
[14:10:29] [main/INFO] [REI] REIServerPlugin finished post-reload for END in 595.9 μs, totaling 6.854 ms.
[14:10:29] [main/DEBUG] [REI] ========================================
